21-Jun-2016 10:22:37.658 INFO [main] org.apache.catalina.startup.VersionLoggerListener.log Server version:        Apache Tomcat/8.0.35
21-Jun-2016 10:22:37.663 INFO [main] org.apache.catalina.startup.VersionLoggerListener.log Server built:          May 11 2016 21:57:08 UTC
21-Jun-2016 10:22:37.663 INFO [main] org.apache.catalina.startup.VersionLoggerListener.log Server number:         8.0.35.0
21-Jun-2016 10:22:37.663 INFO [main] org.apache.catalina.startup.VersionLoggerListener.log OS Name:               Mac OS X
21-Jun-2016 10:22:37.663 INFO [main] org.apache.catalina.startup.VersionLoggerListener.log OS Version:            10.11.5
21-Jun-2016 10:22:37.663 INFO [main] org.apache.catalina.startup.VersionLoggerListener.log Architecture:          x86_64
21-Jun-2016 10:22:37.663 INFO [main] org.apache.catalina.startup.VersionLoggerListener.log Java Home:             /Library/Java/JavaVirtualMachines/jdk1.8.0_65.jdk/Contents/Home/jre
21-Jun-2016 10:22:37.663 INFO [main] org.apache.catalina.startup.VersionLoggerListener.log JVM Version:           1.8.0_65-b17
21-Jun-2016 10:22:37.664 INFO [main] org.apache.catalina.startup.VersionLoggerListener.log JVM Vendor:            Oracle Corporation
21-Jun-2016 10:22:37.664 INFO [main] org.apache.catalina.startup.VersionLoggerListener.log CATALINA_BASE:         /Users/tomoya/Desktop/Dev/apache-tomcat-8.0.35
21-Jun-2016 10:22:37.664 INFO [main] org.apache.catalina.startup.VersionLoggerListener.log CATALINA_HOME:         /Users/tomoya/Desktop/Dev/apache-tomcat-8.0.35
21-Jun-2016 10:22:37.664 INFO [main] org.apache.catalina.startup.VersionLoggerListener.log Command line argument: -Djava.util.logging.config.file=/Users/tomoya/Desktop/dev/apache-tomcat-8.0.35/conf/logging.properties
21-Jun-2016 10:22:37.665 INFO [main] org.apache.catalina.startup.VersionLoggerListener.log Command line argument: -Djava.util.logging.manager=org.apache.juli.ClassLoaderLogManager
21-Jun-2016 10:22:37.665 INFO [main] org.apache.catalina.startup.VersionLoggerListener.log Command line argument: -Djdk.tls.ephemeralDHKeySize=2048
21-Jun-2016 10:22:37.665 INFO [main] org.apache.catalina.startup.VersionLoggerListener.log Command line argument: -Djava.endorsed.dirs=/Users/tomoya/Desktop/dev/apache-tomcat-8.0.35/endorsed
21-Jun-2016 10:22:37.665 INFO [main] org.apache.catalina.startup.VersionLoggerListener.log Command line argument: -Dcatalina.base=/Users/tomoya/Desktop/dev/apache-tomcat-8.0.35
21-Jun-2016 10:22:37.665 INFO [main] org.apache.catalina.startup.VersionLoggerListener.log Command line argument: -Dcatalina.home=/Users/tomoya/Desktop/dev/apache-tomcat-8.0.35
21-Jun-2016 10:22:37.665 INFO [main] org.apache.catalina.startup.VersionLoggerListener.log Command line argument: -Djava.io.tmpdir=/Users/tomoya/Desktop/dev/apache-tomcat-8.0.35/temp
21-Jun-2016 10:22:37.665 INFO [main] org.apache.catalina.core.AprLifecycleListener.lifecycleEvent The APR based Apache Tomcat Native library which allows optimal performance in production environments was not found on the java.library.path: /Users/tomoya/Library/Java/Extensions:/Library/Java/Extensions:/Network/Library/Java/Extensions:/System/Library/Java/Extensions:/usr/lib/java:.
21-Jun-2016 10:22:38.083 INFO [main] org.apache.coyote.AbstractProtocol.init Initializing ProtocolHandler ["http-nio-8080"]
21-Jun-2016 10:22:38.143 INFO [main] org.apache.tomcat.util.net.NioSelectorPool.getSharedSelector Using a shared selector for servlet write/read
21-Jun-2016 10:22:38.150 INFO [main] org.apache.coyote.AbstractProtocol.init Initializing ProtocolHandler ["ajp-nio-8009"]
21-Jun-2016 10:22:38.152 INFO [main] org.apache.tomcat.util.net.NioSelectorPool.getSharedSelector Using a shared selector for servlet write/read
21-Jun-2016 10:22:38.152 INFO [main] org.apache.catalina.startup.Catalina.load Initialization processed in 1409 ms
21-Jun-2016 10:22:38.219 INFO [main] org.apache.catalina.core.StandardService.startInternal Starting service Catalina
21-Jun-2016 10:22:38.219 INFO [main] org.apache.catalina.core.StandardEngine.startInternal Starting Servlet Engine: Apache Tomcat/8.0.35
21-Jun-2016 10:22:38.239 INFO [localhost-startStop-1] org.apache.catalina.startup.HostConfig.deployDirectory Deploying web application directory /Users/tomoya/Desktop/Dev/apache-tomcat-8.0.35/webapps/docs
21-Jun-2016 10:22:38.747 INFO [localhost-startStop-1] org.apache.catalina.startup.HostConfig.deployDirectory Deployment of web application directory /Users/tomoya/Desktop/Dev/apache-tomcat-8.0.35/webapps/docs has finished in 507 ms
21-Jun-2016 10:22:38.747 INFO [localhost-startStop-1] org.apache.catalina.startup.HostConfig.deployDirectory Deploying web application directory /Users/tomoya/Desktop/Dev/apache-tomcat-8.0.35/webapps/examples
21-Jun-2016 10:22:39.331 INFO [localhost-startStop-1] org.apache.catalina.startup.HostConfig.deployDirectory Deployment of web application directory /Users/tomoya/Desktop/Dev/apache-tomcat-8.0.35/webapps/examples has finished in 584 ms
21-Jun-2016 10:22:39.332 INFO [localhost-startStop-1] org.apache.catalina.startup.HostConfig.deployDirectory Deploying web application directory /Users/tomoya/Desktop/Dev/apache-tomcat-8.0.35/webapps/host-manager
21-Jun-2016 10:22:39.373 INFO [localhost-startStop-1] org.apache.catalina.startup.HostConfig.deployDirectory Deployment of web application directory /Users/tomoya/Desktop/Dev/apache-tomcat-8.0.35/webapps/host-manager has finished in 41 ms
21-Jun-2016 10:22:39.373 INFO [localhost-startStop-1] org.apache.catalina.startup.HostConfig.deployDirectory Deploying web application directory /Users/tomoya/Desktop/Dev/apache-tomcat-8.0.35/webapps/manager
21-Jun-2016 10:22:39.401 INFO [localhost-startStop-1] org.apache.catalina.startup.HostConfig.deployDirectory Deployment of web application directory /Users/tomoya/Desktop/Dev/apache-tomcat-8.0.35/webapps/manager has finished in 28 ms
21-Jun-2016 10:22:39.402 INFO [localhost-startStop-1] org.apache.catalina.startup.HostConfig.deployDirectory Deploying web application directory /Users/tomoya/Desktop/Dev/apache-tomcat-8.0.35/webapps/ROOT
21-Jun-2016 10:22:39.420 INFO [localhost-startStop-1] org.apache.catalina.startup.HostConfig.deployDirectory Deployment of web application directory /Users/tomoya/Desktop/Dev/apache-tomcat-8.0.35/webapps/ROOT has finished in 18 ms
21-Jun-2016 10:22:39.420 INFO [localhost-startStop-1] org.apache.catalina.startup.HostConfig.deployDirectory Deploying web application directory /Users/tomoya/Desktop/Dev/apache-tomcat-8.0.35/webapps/solr
21-Jun-2016 10:22:44.201 INFO [localhost-startStop-1] org.apache.jasper.servlet.TldScanner.scanJars At least one JAR was scanned for TLDs yet contained no TLDs. Enable debug logging for this logger for a complete list of JARs that were scanned but no TLDs were found in them. Skipping unneeded JARs during scanning can improve startup time and JSP compilation time.
21-Jun-2016 10:22:45.585 INFO [localhost-startStop-1] org.apache.catalina.startup.HostConfig.deployDirectory Deployment of web application directory /Users/tomoya/Desktop/Dev/apache-tomcat-8.0.35/webapps/solr has finished in 6,165 ms
21-Jun-2016 10:22:45.591 INFO [main] org.apache.coyote.AbstractProtocol.start Starting ProtocolHandler ["http-nio-8080"]
21-Jun-2016 10:22:45.599 INFO [main] org.apache.coyote.AbstractProtocol.start Starting ProtocolHandler ["ajp-nio-8009"]
21-Jun-2016 10:22:45.600 INFO [main] org.apache.catalina.startup.Catalina.start Server startup in 7447 ms
21-Jun-2016 10:31:31.766 INFO [main] org.apache.catalina.core.StandardServer.await A valid shutdown command was received via the shutdown port. Stopping the Server instance.
21-Jun-2016 10:31:31.767 INFO [main] org.apache.coyote.AbstractProtocol.pause Pausing ProtocolHandler ["http-nio-8080"]
21-Jun-2016 10:31:31.825 INFO [main] org.apache.coyote.AbstractProtocol.pause Pausing ProtocolHandler ["ajp-nio-8009"]
21-Jun-2016 10:31:31.878 INFO [main] org.apache.catalina.core.StandardService.stopInternal Stopping service Catalina
21-Jun-2016 10:31:31.978 INFO [main] org.apache.coyote.AbstractProtocol.stop Stopping ProtocolHandler ["http-nio-8080"]
21-Jun-2016 10:31:31.982 INFO [main] org.apache.coyote.AbstractProtocol.stop Stopping ProtocolHandler ["ajp-nio-8009"]
21-Jun-2016 10:31:31.983 INFO [main] org.apache.coyote.AbstractProtocol.destroy Destroying ProtocolHandler ["http-nio-8080"]
21-Jun-2016 10:31:31.984 INFO [main] org.apache.coyote.AbstractProtocol.destroy Destroying ProtocolHandler ["ajp-nio-8009"]
21-Jun-2016 10:31:36.930 INFO [main] org.apache.catalina.startup.VersionLoggerListener.log Server version:        Apache Tomcat/8.0.35
21-Jun-2016 10:31:36.932 INFO [main] org.apache.catalina.startup.VersionLoggerListener.log Server built:          May 11 2016 21:57:08 UTC
21-Jun-2016 10:31:36.932 INFO [main] org.apache.catalina.startup.VersionLoggerListener.log Server number:         8.0.35.0
21-Jun-2016 10:31:36.932 INFO [main] org.apache.catalina.startup.VersionLoggerListener.log OS Name:               Mac OS X
21-Jun-2016 10:31:36.932 INFO [main] org.apache.catalina.startup.VersionLoggerListener.log OS Version:            10.11.5
21-Jun-2016 10:31:36.932 INFO [main] org.apache.catalina.startup.VersionLoggerListener.log Architecture:          x86_64
21-Jun-2016 10:31:36.932 INFO [main] org.apache.catalina.startup.VersionLoggerListener.log Java Home:             /Library/Java/JavaVirtualMachines/jdk1.8.0_65.jdk/Contents/Home/jre
21-Jun-2016 10:31:36.932 INFO [main] org.apache.catalina.startup.VersionLoggerListener.log JVM Version:           1.8.0_65-b17
21-Jun-2016 10:31:36.933 INFO [main] org.apache.catalina.startup.VersionLoggerListener.log JVM Vendor:            Oracle Corporation
21-Jun-2016 10:31:36.933 INFO [main] org.apache.catalina.startup.VersionLoggerListener.log CATALINA_BASE:         /Users/tomoya/Desktop/Dev/apache-tomcat-8.0.35
21-Jun-2016 10:31:36.933 INFO [main] org.apache.catalina.startup.VersionLoggerListener.log CATALINA_HOME:         /Users/tomoya/Desktop/Dev/apache-tomcat-8.0.35
21-Jun-2016 10:31:36.934 INFO [main] org.apache.catalina.startup.VersionLoggerListener.log Command line argument: -Djava.util.logging.config.file=/Users/tomoya/Desktop/dev/apache-tomcat-8.0.35/conf/logging.properties
21-Jun-2016 10:31:36.934 INFO [main] org.apache.catalina.startup.VersionLoggerListener.log Command line argument: -Djava.util.logging.manager=org.apache.juli.ClassLoaderLogManager
21-Jun-2016 10:31:36.934 INFO [main] org.apache.catalina.startup.VersionLoggerListener.log Command line argument: -Djdk.tls.ephemeralDHKeySize=2048
21-Jun-2016 10:31:36.934 INFO [main] org.apache.catalina.startup.VersionLoggerListener.log Command line argument: -Djava.endorsed.dirs=/Users/tomoya/Desktop/dev/apache-tomcat-8.0.35/endorsed
21-Jun-2016 10:31:36.934 INFO [main] org.apache.catalina.startup.VersionLoggerListener.log Command line argument: -Dcatalina.base=/Users/tomoya/Desktop/dev/apache-tomcat-8.0.35
21-Jun-2016 10:31:36.934 INFO [main] org.apache.catalina.startup.VersionLoggerListener.log Command line argument: -Dcatalina.home=/Users/tomoya/Desktop/dev/apache-tomcat-8.0.35
21-Jun-2016 10:31:36.934 INFO [main] org.apache.catalina.startup.VersionLoggerListener.log Command line argument: -Djava.io.tmpdir=/Users/tomoya/Desktop/dev/apache-tomcat-8.0.35/temp
21-Jun-2016 10:31:36.935 INFO [main] org.apache.catalina.core.AprLifecycleListener.lifecycleEvent The APR based Apache Tomcat Native library which allows optimal performance in production environments was not found on the java.library.path: /Users/tomoya/Library/Java/Extensions:/Library/Java/Extensions:/Network/Library/Java/Extensions:/System/Library/Java/Extensions:/usr/lib/java:.
21-Jun-2016 10:31:37.096 INFO [main] org.apache.coyote.AbstractProtocol.init Initializing ProtocolHandler ["http-nio-8080"]
21-Jun-2016 10:31:37.119 INFO [main] org.apache.tomcat.util.net.NioSelectorPool.getSharedSelector Using a shared selector for servlet write/read
21-Jun-2016 10:31:37.121 INFO [main] org.apache.coyote.AbstractProtocol.init Initializing ProtocolHandler ["ajp-nio-8009"]
21-Jun-2016 10:31:37.124 INFO [main] org.apache.tomcat.util.net.NioSelectorPool.getSharedSelector Using a shared selector for servlet write/read
21-Jun-2016 10:31:37.124 INFO [main] org.apache.catalina.startup.Catalina.load Initialization processed in 623 ms
21-Jun-2016 10:31:37.160 INFO [main] org.apache.catalina.core.StandardService.startInternal Starting service Catalina
21-Jun-2016 10:31:37.160 INFO [main] org.apache.catalina.core.StandardEngine.startInternal Starting Servlet Engine: Apache Tomcat/8.0.35
21-Jun-2016 10:31:37.169 INFO [localhost-startStop-1] org.apache.catalina.startup.HostConfig.deployDirectory Deploying web application directory /Users/tomoya/Desktop/Dev/apache-tomcat-8.0.35/webapps/docs
21-Jun-2016 10:31:37.440 INFO [localhost-startStop-1] org.apache.catalina.startup.HostConfig.deployDirectory Deployment of web application directory /Users/tomoya/Desktop/Dev/apache-tomcat-8.0.35/webapps/docs has finished in 270 ms
21-Jun-2016 10:31:37.440 INFO [localhost-startStop-1] org.apache.catalina.startup.HostConfig.deployDirectory Deploying web application directory /Users/tomoya/Desktop/Dev/apache-tomcat-8.0.35/webapps/examples
21-Jun-2016 10:31:37.803 INFO [localhost-startStop-1] org.apache.catalina.startup.HostConfig.deployDirectory Deployment of web application directory /Users/tomoya/Desktop/Dev/apache-tomcat-8.0.35/webapps/examples has finished in 363 ms
21-Jun-2016 10:31:37.803 INFO [localhost-startStop-1] org.apache.catalina.startup.HostConfig.deployDirectory Deploying web application directory /Users/tomoya/Desktop/Dev/apache-tomcat-8.0.35/webapps/host-manager
21-Jun-2016 10:31:37.836 INFO [localhost-startStop-1] org.apache.catalina.startup.HostConfig.deployDirectory Deployment of web application directory /Users/tomoya/Desktop/Dev/apache-tomcat-8.0.35/webapps/host-manager has finished in 33 ms
21-Jun-2016 10:31:37.836 INFO [localhost-startStop-1] org.apache.catalina.startup.HostConfig.deployDirectory Deploying web application directory /Users/tomoya/Desktop/Dev/apache-tomcat-8.0.35/webapps/manager
21-Jun-2016 10:31:37.870 INFO [localhost-startStop-1] org.apache.catalina.startup.HostConfig.deployDirectory Deployment of web application directory /Users/tomoya/Desktop/Dev/apache-tomcat-8.0.35/webapps/manager has finished in 33 ms
21-Jun-2016 10:31:37.870 INFO [localhost-startStop-1] org.apache.catalina.startup.HostConfig.deployDirectory Deploying web application directory /Users/tomoya/Desktop/Dev/apache-tomcat-8.0.35/webapps/ROOT
21-Jun-2016 10:31:37.885 INFO [localhost-startStop-1] org.apache.catalina.startup.HostConfig.deployDirectory Deployment of web application directory /Users/tomoya/Desktop/Dev/apache-tomcat-8.0.35/webapps/ROOT has finished in 15 ms
21-Jun-2016 10:31:37.885 INFO [localhost-startStop-1] org.apache.catalina.startup.HostConfig.deployDirectory Deploying web application directory /Users/tomoya/Desktop/Dev/apache-tomcat-8.0.35/webapps/solr
21-Jun-2016 10:31:42.175 INFO [localhost-startStop-1] org.apache.jasper.servlet.TldScanner.scanJars At least one JAR was scanned for TLDs yet contained no TLDs. Enable debug logging for this logger for a complete list of JARs that were scanned but no TLDs were found in them. Skipping unneeded JARs during scanning can improve startup time and JSP compilation time.
21-Jun-2016 10:31:43.152 INFO [localhost-startStop-1] org.apache.catalina.startup.HostConfig.deployDirectory Deployment of web application directory /Users/tomoya/Desktop/Dev/apache-tomcat-8.0.35/webapps/solr has finished in 5,267 ms
21-Jun-2016 10:31:43.157 INFO [main] org.apache.coyote.AbstractProtocol.start Starting ProtocolHandler ["http-nio-8080"]
21-Jun-2016 10:31:43.170 INFO [main] org.apache.coyote.AbstractProtocol.start Starting ProtocolHandler ["ajp-nio-8009"]
21-Jun-2016 10:31:43.170 INFO [main] org.apache.catalina.startup.Catalina.start Server startup in 6045 ms
21-Jun-2016 10:31:46.972 INFO [main] org.apache.catalina.core.StandardServer.await A valid shutdown command was received via the shutdown port. Stopping the Server instance.
21-Jun-2016 10:31:46.973 INFO [main] org.apache.coyote.AbstractProtocol.pause Pausing ProtocolHandler ["http-nio-8080"]
21-Jun-2016 10:31:47.026 INFO [main] org.apache.coyote.AbstractProtocol.pause Pausing ProtocolHandler ["ajp-nio-8009"]
21-Jun-2016 10:31:47.081 INFO [main] org.apache.catalina.core.StandardService.stopInternal Stopping service Catalina
21-Jun-2016 10:31:47.118 INFO [main] org.apache.coyote.AbstractProtocol.stop Stopping ProtocolHandler ["http-nio-8080"]
21-Jun-2016 10:31:47.121 INFO [main] org.apache.coyote.AbstractProtocol.stop Stopping ProtocolHandler ["ajp-nio-8009"]
21-Jun-2016 10:31:47.122 INFO [main] org.apache.coyote.AbstractProtocol.destroy Destroying ProtocolHandler ["http-nio-8080"]
21-Jun-2016 10:31:47.125 INFO [main] org.apache.coyote.AbstractProtocol.destroy Destroying ProtocolHandler ["ajp-nio-8009"]
21-Jun-2016 10:32:07.690 INFO [main] org.apache.catalina.startup.VersionLoggerListener.log Server version:        Apache Tomcat/8.0.35
21-Jun-2016 10:32:07.693 INFO [main] org.apache.catalina.startup.VersionLoggerListener.log Server built:          May 11 2016 21:57:08 UTC
21-Jun-2016 10:32:07.693 INFO [main] org.apache.catalina.startup.VersionLoggerListener.log Server number:         8.0.35.0
21-Jun-2016 10:32:07.693 INFO [main] org.apache.catalina.startup.VersionLoggerListener.log OS Name:               Mac OS X
21-Jun-2016 10:32:07.693 INFO [main] org.apache.catalina.startup.VersionLoggerListener.log OS Version:            10.11.5
21-Jun-2016 10:32:07.693 INFO [main] org.apache.catalina.startup.VersionLoggerListener.log Architecture:          x86_64
21-Jun-2016 10:32:07.693 INFO [main] org.apache.catalina.startup.VersionLoggerListener.log Java Home:             /Library/Java/JavaVirtualMachines/jdk1.8.0_65.jdk/Contents/Home/jre
21-Jun-2016 10:32:07.694 INFO [main] org.apache.catalina.startup.VersionLoggerListener.log JVM Version:           1.8.0_65-b17
21-Jun-2016 10:32:07.694 INFO [main] org.apache.catalina.startup.VersionLoggerListener.log JVM Vendor:            Oracle Corporation
21-Jun-2016 10:32:07.694 INFO [main] org.apache.catalina.startup.VersionLoggerListener.log CATALINA_BASE:         /Users/tomoya/Desktop/Dev/apache-tomcat-8.0.35
21-Jun-2016 10:32:07.694 INFO [main] org.apache.catalina.startup.VersionLoggerListener.log CATALINA_HOME:         /Users/tomoya/Desktop/Dev/apache-tomcat-8.0.35
21-Jun-2016 10:32:07.695 INFO [main] org.apache.catalina.startup.VersionLoggerListener.log Command line argument: -Djava.util.logging.config.file=/Users/tomoya/Desktop/dev/apache-tomcat-8.0.35/conf/logging.properties
21-Jun-2016 10:32:07.695 INFO [main] org.apache.catalina.startup.VersionLoggerListener.log Command line argument: -Djava.util.logging.manager=org.apache.juli.ClassLoaderLogManager
21-Jun-2016 10:32:07.695 INFO [main] org.apache.catalina.startup.VersionLoggerListener.log Command line argument: -Djdk.tls.ephemeralDHKeySize=2048
21-Jun-2016 10:32:07.696 INFO [main] org.apache.catalina.startup.VersionLoggerListener.log Command line argument: -Djava.endorsed.dirs=/Users/tomoya/Desktop/dev/apache-tomcat-8.0.35/endorsed
21-Jun-2016 10:32:07.696 INFO [main] org.apache.catalina.startup.VersionLoggerListener.log Command line argument: -Dcatalina.base=/Users/tomoya/Desktop/dev/apache-tomcat-8.0.35
21-Jun-2016 10:32:07.696 INFO [main] org.apache.catalina.startup.VersionLoggerListener.log Command line argument: -Dcatalina.home=/Users/tomoya/Desktop/dev/apache-tomcat-8.0.35
21-Jun-2016 10:32:07.696 INFO [main] org.apache.catalina.startup.VersionLoggerListener.log Command line argument: -Djava.io.tmpdir=/Users/tomoya/Desktop/dev/apache-tomcat-8.0.35/temp
21-Jun-2016 10:32:07.696 INFO [main] org.apache.catalina.core.AprLifecycleListener.lifecycleEvent The APR based Apache Tomcat Native library which allows optimal performance in production environments was not found on the java.library.path: /Users/tomoya/Library/Java/Extensions:/Library/Java/Extensions:/Network/Library/Java/Extensions:/System/Library/Java/Extensions:/usr/lib/java:.
21-Jun-2016 10:32:07.878 INFO [main] org.apache.coyote.AbstractProtocol.init Initializing ProtocolHandler ["http-nio-8080"]
21-Jun-2016 10:32:07.910 INFO [main] org.apache.tomcat.util.net.NioSelectorPool.getSharedSelector Using a shared selector for servlet write/read
21-Jun-2016 10:32:07.912 INFO [main] org.apache.coyote.AbstractProtocol.init Initializing ProtocolHandler ["ajp-nio-8009"]
21-Jun-2016 10:32:07.914 INFO [main] org.apache.tomcat.util.net.NioSelectorPool.getSharedSelector Using a shared selector for servlet write/read
21-Jun-2016 10:32:07.915 INFO [main] org.apache.catalina.startup.Catalina.load Initialization processed in 677 ms
21-Jun-2016 10:32:07.954 INFO [main] org.apache.catalina.core.StandardService.startInternal Starting service Catalina
21-Jun-2016 10:32:07.955 INFO [main] org.apache.catalina.core.StandardEngine.startInternal Starting Servlet Engine: Apache Tomcat/8.0.35
21-Jun-2016 10:32:07.965 INFO [localhost-startStop-1] org.apache.catalina.startup.HostConfig.deployDirectory Deploying web application directory /Users/tomoya/Desktop/Dev/apache-tomcat-8.0.35/webapps/docs
21-Jun-2016 10:32:08.289 INFO [localhost-startStop-1] org.apache.catalina.startup.HostConfig.deployDirectory Deployment of web application directory /Users/tomoya/Desktop/Dev/apache-tomcat-8.0.35/webapps/docs has finished in 323 ms
21-Jun-2016 10:32:08.289 INFO [localhost-startStop-1] org.apache.catalina.startup.HostConfig.deployDirectory Deploying web application directory /Users/tomoya/Desktop/Dev/apache-tomcat-8.0.35/webapps/examples
21-Jun-2016 10:32:08.715 INFO [localhost-startStop-1] org.apache.catalina.startup.HostConfig.deployDirectory Deployment of web application directory /Users/tomoya/Desktop/Dev/apache-tomcat-8.0.35/webapps/examples has finished in 426 ms
21-Jun-2016 10:32:08.716 INFO [localhost-startStop-1] org.apache.catalina.startup.HostConfig.deployDirectory Deploying web application directory /Users/tomoya/Desktop/Dev/apache-tomcat-8.0.35/webapps/host-manager
21-Jun-2016 10:32:08.756 INFO [localhost-startStop-1] org.apache.catalina.startup.HostConfig.deployDirectory Deployment of web application directory /Users/tomoya/Desktop/Dev/apache-tomcat-8.0.35/webapps/host-manager has finished in 40 ms
21-Jun-2016 10:32:08.757 INFO [localhost-startStop-1] org.apache.catalina.startup.HostConfig.deployDirectory Deploying web application directory /Users/tomoya/Desktop/Dev/apache-tomcat-8.0.35/webapps/manager
21-Jun-2016 10:32:08.785 INFO [localhost-startStop-1] org.apache.catalina.startup.HostConfig.deployDirectory Deployment of web application directory /Users/tomoya/Desktop/Dev/apache-tomcat-8.0.35/webapps/manager has finished in 28 ms
21-Jun-2016 10:32:08.786 INFO [localhost-startStop-1] org.apache.catalina.startup.HostConfig.deployDirectory Deploying web application directory /Users/tomoya/Desktop/Dev/apache-tomcat-8.0.35/webapps/ROOT
21-Jun-2016 10:32:08.807 INFO [localhost-startStop-1] org.apache.catalina.startup.HostConfig.deployDirectory Deployment of web application directory /Users/tomoya/Desktop/Dev/apache-tomcat-8.0.35/webapps/ROOT has finished in 21 ms
21-Jun-2016 10:32:08.808 INFO [localhost-startStop-1] org.apache.catalina.startup.HostConfig.deployDirectory Deploying web application directory /Users/tomoya/Desktop/Dev/apache-tomcat-8.0.35/webapps/solr
21-Jun-2016 10:32:12.029 INFO [localhost-startStop-1] org.apache.jasper.servlet.TldScanner.scanJars At least one JAR was scanned for TLDs yet contained no TLDs. Enable debug logging for this logger for a complete list of JARs that were scanned but no TLDs were found in them. Skipping unneeded JARs during scanning can improve startup time and JSP compilation time.
21-Jun-2016 10:32:12.784 INFO [localhost-startStop-1] org.apache.catalina.startup.HostConfig.deployDirectory Deployment of web application directory /Users/tomoya/Desktop/Dev/apache-tomcat-8.0.35/webapps/solr has finished in 3,977 ms
21-Jun-2016 10:32:12.789 INFO [main] org.apache.coyote.AbstractProtocol.start Starting ProtocolHandler ["http-nio-8080"]
21-Jun-2016 10:32:12.797 INFO [main] org.apache.coyote.AbstractProtocol.start Starting ProtocolHandler ["ajp-nio-8009"]
21-Jun-2016 10:32:12.799 INFO [main] org.apache.catalina.startup.Catalina.start Server startup in 4884 ms
21-Jun-2016 12:34:19.663 INFO [main] org.apache.catalina.core.StandardServer.await A valid shutdown command was received via the shutdown port. Stopping the Server instance.
21-Jun-2016 12:34:19.696 INFO [main] org.apache.coyote.AbstractProtocol.pause Pausing ProtocolHandler ["http-nio-8080"]
21-Jun-2016 12:34:19.796 INFO [main] org.apache.coyote.AbstractProtocol.pause Pausing ProtocolHandler ["ajp-nio-8009"]
21-Jun-2016 12:34:19.853 INFO [main] org.apache.catalina.core.StandardService.stopInternal Stopping service Catalina
21-Jun-2016 12:34:20.283 INFO [main] org.apache.coyote.AbstractProtocol.stop Stopping ProtocolHandler ["http-nio-8080"]
21-Jun-2016 12:34:20.301 INFO [main] org.apache.coyote.AbstractProtocol.stop Stopping ProtocolHandler ["ajp-nio-8009"]
21-Jun-2016 12:34:20.349 INFO [main] org.apache.coyote.AbstractProtocol.destroy Destroying ProtocolHandler ["http-nio-8080"]
21-Jun-2016 12:34:20.352 INFO [main] org.apache.coyote.AbstractProtocol.destroy Destroying ProtocolHandler ["ajp-nio-8009"]
21-Jun-2016 12:34:29.199 INFO [main] org.apache.catalina.startup.VersionLoggerListener.log Server version:        Apache Tomcat/8.0.35
21-Jun-2016 12:34:29.202 INFO [main] org.apache.catalina.startup.VersionLoggerListener.log Server built:          May 11 2016 21:57:08 UTC
21-Jun-2016 12:34:29.202 INFO [main] org.apache.catalina.startup.VersionLoggerListener.log Server number:         8.0.35.0
21-Jun-2016 12:34:29.202 INFO [main] org.apache.catalina.startup.VersionLoggerListener.log OS Name:               Mac OS X
21-Jun-2016 12:34:29.202 INFO [main] org.apache.catalina.startup.VersionLoggerListener.log OS Version:            10.11.5
21-Jun-2016 12:34:29.203 INFO [main] org.apache.catalina.startup.VersionLoggerListener.log Architecture:          x86_64
21-Jun-2016 12:34:29.203 INFO [main] org.apache.catalina.startup.VersionLoggerListener.log Java Home:             /Library/Java/JavaVirtualMachines/jdk1.8.0_65.jdk/Contents/Home/jre
21-Jun-2016 12:34:29.203 INFO [main] org.apache.catalina.startup.VersionLoggerListener.log JVM Version:           1.8.0_65-b17
21-Jun-2016 12:34:29.203 INFO [main] org.apache.catalina.startup.VersionLoggerListener.log JVM Vendor:            Oracle Corporation
21-Jun-2016 12:34:29.203 INFO [main] org.apache.catalina.startup.VersionLoggerListener.log CATALINA_BASE:         /Users/tomoya/Desktop/Dev/apache-tomcat-8.0.35
21-Jun-2016 12:34:29.203 INFO [main] org.apache.catalina.startup.VersionLoggerListener.log CATALINA_HOME:         /Users/tomoya/Desktop/Dev/apache-tomcat-8.0.35
21-Jun-2016 12:34:29.203 INFO [main] org.apache.catalina.startup.VersionLoggerListener.log Command line argument: -Djava.util.logging.config.file=/Users/tomoya/Desktop/dev/apache-tomcat-8.0.35/conf/logging.properties
21-Jun-2016 12:34:29.204 INFO [main] org.apache.catalina.startup.VersionLoggerListener.log Command line argument: -Djava.util.logging.manager=org.apache.juli.ClassLoaderLogManager
21-Jun-2016 12:34:29.204 INFO [main] org.apache.catalina.startup.VersionLoggerListener.log Command line argument: -Djdk.tls.ephemeralDHKeySize=2048
21-Jun-2016 12:34:29.204 INFO [main] org.apache.catalina.startup.VersionLoggerListener.log Command line argument: -Djava.endorsed.dirs=/Users/tomoya/Desktop/dev/apache-tomcat-8.0.35/endorsed
21-Jun-2016 12:34:29.204 INFO [main] org.apache.catalina.startup.VersionLoggerListener.log Command line argument: -Dcatalina.base=/Users/tomoya/Desktop/dev/apache-tomcat-8.0.35
21-Jun-2016 12:34:29.204 INFO [main] org.apache.catalina.startup.VersionLoggerListener.log Command line argument: -Dcatalina.home=/Users/tomoya/Desktop/dev/apache-tomcat-8.0.35
21-Jun-2016 12:34:29.204 INFO [main] org.apache.catalina.startup.VersionLoggerListener.log Command line argument: -Djava.io.tmpdir=/Users/tomoya/Desktop/dev/apache-tomcat-8.0.35/temp
21-Jun-2016 12:34:29.204 INFO [main] org.apache.catalina.core.AprLifecycleListener.lifecycleEvent The APR based Apache Tomcat Native library which allows optimal performance in production environments was not found on the java.library.path: /Users/tomoya/Library/Java/Extensions:/Library/Java/Extensions:/Network/Library/Java/Extensions:/System/Library/Java/Extensions:/usr/lib/java:.
21-Jun-2016 12:34:29.386 INFO [main] org.apache.coyote.AbstractProtocol.init Initializing ProtocolHandler ["http-nio-8080"]
21-Jun-2016 12:34:29.416 INFO [main] org.apache.tomcat.util.net.NioSelectorPool.getSharedSelector Using a shared selector for servlet write/read
21-Jun-2016 12:34:29.419 INFO [main] org.apache.coyote.AbstractProtocol.init Initializing ProtocolHandler ["ajp-nio-8009"]
21-Jun-2016 12:34:29.421 INFO [main] org.apache.tomcat.util.net.NioSelectorPool.getSharedSelector Using a shared selector for servlet write/read
21-Jun-2016 12:34:29.422 INFO [main] org.apache.catalina.startup.Catalina.load Initialization processed in 747 ms
21-Jun-2016 12:34:29.472 INFO [main] org.apache.catalina.core.StandardService.startInternal Starting service Catalina
21-Jun-2016 12:34:29.472 INFO [main] org.apache.catalina.core.StandardEngine.startInternal Starting Servlet Engine: Apache Tomcat/8.0.35
21-Jun-2016 12:34:29.481 INFO [localhost-startStop-1] org.apache.catalina.startup.HostConfig.deployDirectory Deploying web application directory /Users/tomoya/Desktop/Dev/apache-tomcat-8.0.35/webapps/docs
21-Jun-2016 12:34:29.790 INFO [localhost-startStop-1] org.apache.catalina.startup.HostConfig.deployDirectory Deployment of web application directory /Users/tomoya/Desktop/Dev/apache-tomcat-8.0.35/webapps/docs has finished in 308 ms
21-Jun-2016 12:34:29.790 INFO [localhost-startStop-1] org.apache.catalina.startup.HostConfig.deployDirectory Deploying web application directory /Users/tomoya/Desktop/Dev/apache-tomcat-8.0.35/webapps/examples
21-Jun-2016 12:34:30.248 INFO [localhost-startStop-1] org.apache.catalina.startup.HostConfig.deployDirectory Deployment of web application directory /Users/tomoya/Desktop/Dev/apache-tomcat-8.0.35/webapps/examples has finished in 457 ms
21-Jun-2016 12:34:30.248 INFO [localhost-startStop-1] org.apache.catalina.startup.HostConfig.deployDirectory Deploying web application directory /Users/tomoya/Desktop/Dev/apache-tomcat-8.0.35/webapps/host-manager
21-Jun-2016 12:34:30.278 INFO [localhost-startStop-1] org.apache.catalina.startup.HostConfig.deployDirectory Deployment of web application directory /Users/tomoya/Desktop/Dev/apache-tomcat-8.0.35/webapps/host-manager has finished in 30 ms
21-Jun-2016 12:34:30.278 INFO [localhost-startStop-1] org.apache.catalina.startup.HostConfig.deployDirectory Deploying web application directory /Users/tomoya/Desktop/Dev/apache-tomcat-8.0.35/webapps/manager
21-Jun-2016 12:34:30.307 INFO [localhost-startStop-1] org.apache.catalina.startup.HostConfig.deployDirectory Deployment of web application directory /Users/tomoya/Desktop/Dev/apache-tomcat-8.0.35/webapps/manager has finished in 29 ms
21-Jun-2016 12:34:30.308 INFO [localhost-startStop-1] org.apache.catalina.startup.HostConfig.deployDirectory Deploying web application directory /Users/tomoya/Desktop/Dev/apache-tomcat-8.0.35/webapps/ROOT
21-Jun-2016 12:34:30.326 INFO [localhost-startStop-1] org.apache.catalina.startup.HostConfig.deployDirectory Deployment of web application directory /Users/tomoya/Desktop/Dev/apache-tomcat-8.0.35/webapps/ROOT has finished in 17 ms
21-Jun-2016 12:34:30.326 INFO [localhost-startStop-1] org.apache.catalina.startup.HostConfig.deployDirectory Deploying web application directory /Users/tomoya/Desktop/Dev/apache-tomcat-8.0.35/webapps/solr
21-Jun-2016 12:34:35.783 INFO [localhost-startStop-1] org.apache.jasper.servlet.TldScanner.scanJars At least one JAR was scanned for TLDs yet contained no TLDs. Enable debug logging for this logger for a complete list of JARs that were scanned but no TLDs were found in them. Skipping unneeded JARs during scanning can improve startup time and JSP compilation time.
21-Jun-2016 12:34:37.170 INFO [localhost-startStop-1] org.apache.catalina.startup.HostConfig.deployDirectory Deployment of web application directory /Users/tomoya/Desktop/Dev/apache-tomcat-8.0.35/webapps/solr has finished in 6,844 ms
21-Jun-2016 12:34:37.175 INFO [main] org.apache.coyote.AbstractProtocol.start Starting ProtocolHandler ["http-nio-8080"]
21-Jun-2016 12:34:37.185 INFO [main] org.apache.coyote.AbstractProtocol.start Starting ProtocolHandler ["ajp-nio-8009"]
21-Jun-2016 12:34:37.190 INFO [main] org.apache.catalina.startup.Catalina.start Server startup in 7767 ms
21-Jun-2016 12:38:37.535 INFO [main] org.apache.catalina.core.StandardServer.await A valid shutdown command was received via the shutdown port. Stopping the Server instance.
21-Jun-2016 12:38:37.540 INFO [main] org.apache.coyote.AbstractProtocol.pause Pausing ProtocolHandler ["http-nio-8080"]
21-Jun-2016 12:38:37.605 INFO [main] org.apache.coyote.AbstractProtocol.pause Pausing ProtocolHandler ["ajp-nio-8009"]
21-Jun-2016 12:38:37.658 INFO [main] org.apache.catalina.core.StandardService.stopInternal Stopping service Catalina
21-Jun-2016 12:38:37.843 INFO [main] org.apache.coyote.AbstractProtocol.stop Stopping ProtocolHandler ["http-nio-8080"]
21-Jun-2016 12:38:37.847 INFO [main] org.apache.coyote.AbstractProtocol.stop Stopping ProtocolHandler ["ajp-nio-8009"]
21-Jun-2016 12:38:37.848 INFO [main] org.apache.coyote.AbstractProtocol.destroy Destroying ProtocolHandler ["http-nio-8080"]
21-Jun-2016 12:38:37.851 INFO [main] org.apache.coyote.AbstractProtocol.destroy Destroying ProtocolHandler ["ajp-nio-8009"]
21-Jun-2016 12:38:42.378 INFO [main] org.apache.catalina.startup.VersionLoggerListener.log Server version:        Apache Tomcat/8.0.35
21-Jun-2016 12:38:42.380 INFO [main] org.apache.catalina.startup.VersionLoggerListener.log Server built:          May 11 2016 21:57:08 UTC
21-Jun-2016 12:38:42.380 INFO [main] org.apache.catalina.startup.VersionLoggerListener.log Server number:         8.0.35.0
21-Jun-2016 12:38:42.380 INFO [main] org.apache.catalina.startup.VersionLoggerListener.log OS Name:               Mac OS X
21-Jun-2016 12:38:42.380 INFO [main] org.apache.catalina.startup.VersionLoggerListener.log OS Version:            10.11.5
21-Jun-2016 12:38:42.381 INFO [main] org.apache.catalina.startup.VersionLoggerListener.log Architecture:          x86_64
21-Jun-2016 12:38:42.381 INFO [main] org.apache.catalina.startup.VersionLoggerListener.log Java Home:             /Library/Java/JavaVirtualMachines/jdk1.8.0_65.jdk/Contents/Home/jre
21-Jun-2016 12:38:42.381 INFO [main] org.apache.catalina.startup.VersionLoggerListener.log JVM Version:           1.8.0_65-b17
21-Jun-2016 12:38:42.381 INFO [main] org.apache.catalina.startup.VersionLoggerListener.log JVM Vendor:            Oracle Corporation
21-Jun-2016 12:38:42.381 INFO [main] org.apache.catalina.startup.VersionLoggerListener.log CATALINA_BASE:         /Users/tomoya/Desktop/Dev/apache-tomcat-8.0.35
21-Jun-2016 12:38:42.381 INFO [main] org.apache.catalina.startup.VersionLoggerListener.log CATALINA_HOME:         /Users/tomoya/Desktop/Dev/apache-tomcat-8.0.35
21-Jun-2016 12:38:42.382 INFO [main] org.apache.catalina.startup.VersionLoggerListener.log Command line argument: -Djava.util.logging.config.file=/Users/tomoya/Desktop/dev/apache-tomcat-8.0.35/conf/logging.properties
21-Jun-2016 12:38:42.382 INFO [main] org.apache.catalina.startup.VersionLoggerListener.log Command line argument: -Djava.util.logging.manager=org.apache.juli.ClassLoaderLogManager
21-Jun-2016 12:38:42.382 INFO [main] org.apache.catalina.startup.VersionLoggerListener.log Command line argument: -Djdk.tls.ephemeralDHKeySize=2048
21-Jun-2016 12:38:42.382 INFO [main] org.apache.catalina.startup.VersionLoggerListener.log Command line argument: -Djava.endorsed.dirs=/Users/tomoya/Desktop/dev/apache-tomcat-8.0.35/endorsed
21-Jun-2016 12:38:42.382 INFO [main] org.apache.catalina.startup.VersionLoggerListener.log Command line argument: -Dcatalina.base=/Users/tomoya/Desktop/dev/apache-tomcat-8.0.35
21-Jun-2016 12:38:42.382 INFO [main] org.apache.catalina.startup.VersionLoggerListener.log Command line argument: -Dcatalina.home=/Users/tomoya/Desktop/dev/apache-tomcat-8.0.35
21-Jun-2016 12:38:42.382 INFO [main] org.apache.catalina.startup.VersionLoggerListener.log Command line argument: -Djava.io.tmpdir=/Users/tomoya/Desktop/dev/apache-tomcat-8.0.35/temp
21-Jun-2016 12:38:42.382 INFO [main] org.apache.catalina.core.AprLifecycleListener.lifecycleEvent The APR based Apache Tomcat Native library which allows optimal performance in production environments was not found on the java.library.path: /Users/tomoya/Library/Java/Extensions:/Library/Java/Extensions:/Network/Library/Java/Extensions:/System/Library/Java/Extensions:/usr/lib/java:.
21-Jun-2016 12:38:42.554 INFO [main] org.apache.coyote.AbstractProtocol.init Initializing ProtocolHandler ["http-nio-8080"]
21-Jun-2016 12:38:42.579 INFO [main] org.apache.tomcat.util.net.NioSelectorPool.getSharedSelector Using a shared selector for servlet write/read
21-Jun-2016 12:38:42.581 INFO [main] org.apache.coyote.AbstractProtocol.init Initializing ProtocolHandler ["ajp-nio-8009"]
21-Jun-2016 12:38:42.583 INFO [main] org.apache.tomcat.util.net.NioSelectorPool.getSharedSelector Using a shared selector for servlet write/read
21-Jun-2016 12:38:42.584 INFO [main] org.apache.catalina.startup.Catalina.load Initialization processed in 768 ms
21-Jun-2016 12:38:42.628 INFO [main] org.apache.catalina.core.StandardService.startInternal Starting service Catalina
21-Jun-2016 12:38:42.628 INFO [main] org.apache.catalina.core.StandardEngine.startInternal Starting Servlet Engine: Apache Tomcat/8.0.35
21-Jun-2016 12:38:42.637 INFO [localhost-startStop-1] org.apache.catalina.startup.HostConfig.deployDirectory Deploying web application directory /Users/tomoya/Desktop/Dev/apache-tomcat-8.0.35/webapps/docs
21-Jun-2016 12:38:42.959 INFO [localhost-startStop-1] org.apache.catalina.startup.HostConfig.deployDirectory Deployment of web application directory /Users/tomoya/Desktop/Dev/apache-tomcat-8.0.35/webapps/docs has finished in 321 ms
21-Jun-2016 12:38:42.959 INFO [localhost-startStop-1] org.apache.catalina.startup.HostConfig.deployDirectory Deploying web application directory /Users/tomoya/Desktop/Dev/apache-tomcat-8.0.35/webapps/examples
21-Jun-2016 12:38:43.419 INFO [localhost-startStop-1] org.apache.catalina.startup.HostConfig.deployDirectory Deployment of web application directory /Users/tomoya/Desktop/Dev/apache-tomcat-8.0.35/webapps/examples has finished in 460 ms
21-Jun-2016 12:38:43.420 INFO [localhost-startStop-1] org.apache.catalina.startup.HostConfig.deployDirectory Deploying web application directory /Users/tomoya/Desktop/Dev/apache-tomcat-8.0.35/webapps/host-manager
21-Jun-2016 12:38:43.462 INFO [localhost-startStop-1] org.apache.catalina.startup.HostConfig.deployDirectory Deployment of web application directory /Users/tomoya/Desktop/Dev/apache-tomcat-8.0.35/webapps/host-manager has finished in 42 ms
21-Jun-2016 12:38:43.462 INFO [localhost-startStop-1] org.apache.catalina.startup.HostConfig.deployDirectory Deploying web application directory /Users/tomoya/Desktop/Dev/apache-tomcat-8.0.35/webapps/manager
21-Jun-2016 12:38:43.492 INFO [localhost-startStop-1] org.apache.catalina.startup.HostConfig.deployDirectory Deployment of web application directory /Users/tomoya/Desktop/Dev/apache-tomcat-8.0.35/webapps/manager has finished in 30 ms
21-Jun-2016 12:38:43.492 INFO [localhost-startStop-1] org.apache.catalina.startup.HostConfig.deployDirectory Deploying web application directory /Users/tomoya/Desktop/Dev/apache-tomcat-8.0.35/webapps/ROOT
21-Jun-2016 12:38:43.518 INFO [localhost-startStop-1] org.apache.catalina.startup.HostConfig.deployDirectory Deployment of web application directory /Users/tomoya/Desktop/Dev/apache-tomcat-8.0.35/webapps/ROOT has finished in 26 ms
21-Jun-2016 12:38:43.518 INFO [localhost-startStop-1] org.apache.catalina.startup.HostConfig.deployDirectory Deploying web application directory /Users/tomoya/Desktop/Dev/apache-tomcat-8.0.35/webapps/solr
21-Jun-2016 12:38:48.889 INFO [localhost-startStop-1] org.apache.jasper.servlet.TldScanner.scanJars At least one JAR was scanned for TLDs yet contained no TLDs. Enable debug logging for this logger for a complete list of JARs that were scanned but no TLDs were found in them. Skipping unneeded JARs during scanning can improve startup time and JSP compilation time.
21-Jun-2016 12:38:50.452 INFO [localhost-startStop-1] org.apache.catalina.startup.HostConfig.deployDirectory Deployment of web application directory /Users/tomoya/Desktop/Dev/apache-tomcat-8.0.35/webapps/solr has finished in 6,933 ms
21-Jun-2016 12:38:50.458 INFO [main] org.apache.coyote.AbstractProtocol.start Starting ProtocolHandler ["http-nio-8080"]
21-Jun-2016 12:38:50.469 INFO [main] org.apache.coyote.AbstractProtocol.start Starting ProtocolHandler ["ajp-nio-8009"]
21-Jun-2016 12:38:50.470 INFO [main] org.apache.catalina.startup.Catalina.start Server startup in 7885 ms
21-Jun-2016 12:39:09.786 INFO [main] org.apache.catalina.core.StandardServer.await A valid shutdown command was received via the shutdown port. Stopping the Server instance.
21-Jun-2016 12:39:09.786 INFO [main] org.apache.coyote.AbstractProtocol.pause Pausing ProtocolHandler ["http-nio-8080"]
21-Jun-2016 12:39:09.843 INFO [main] org.apache.coyote.AbstractProtocol.pause Pausing ProtocolHandler ["ajp-nio-8009"]
21-Jun-2016 12:39:09.897 INFO [main] org.apache.catalina.core.StandardService.stopInternal Stopping service Catalina
21-Jun-2016 12:39:09.952 INFO [main] org.apache.coyote.AbstractProtocol.stop Stopping ProtocolHandler ["http-nio-8080"]
21-Jun-2016 12:39:09.966 INFO [main] org.apache.coyote.AbstractProtocol.stop Stopping ProtocolHandler ["ajp-nio-8009"]
21-Jun-2016 12:39:09.968 INFO [main] org.apache.coyote.AbstractProtocol.destroy Destroying ProtocolHandler ["http-nio-8080"]
21-Jun-2016 12:39:09.969 INFO [main] org.apache.coyote.AbstractProtocol.destroy Destroying ProtocolHandler ["ajp-nio-8009"]
21-Jun-2016 12:39:14.678 INFO [main] org.apache.catalina.startup.VersionLoggerListener.log Server version:        Apache Tomcat/8.0.35
21-Jun-2016 12:39:14.679 INFO [main] org.apache.catalina.startup.VersionLoggerListener.log Server built:          May 11 2016 21:57:08 UTC
21-Jun-2016 12:39:14.679 INFO [main] org.apache.catalina.startup.VersionLoggerListener.log Server number:         8.0.35.0
21-Jun-2016 12:39:14.680 INFO [main] org.apache.catalina.startup.VersionLoggerListener.log OS Name:               Mac OS X
21-Jun-2016 12:39:14.680 INFO [main] org.apache.catalina.startup.VersionLoggerListener.log OS Version:            10.11.5
21-Jun-2016 12:39:14.680 INFO [main] org.apache.catalina.startup.VersionLoggerListener.log Architecture:          x86_64
21-Jun-2016 12:39:14.680 INFO [main] org.apache.catalina.startup.VersionLoggerListener.log Java Home:             /Library/Java/JavaVirtualMachines/jdk1.8.0_65.jdk/Contents/Home/jre
21-Jun-2016 12:39:14.680 INFO [main] org.apache.catalina.startup.VersionLoggerListener.log JVM Version:           1.8.0_65-b17
21-Jun-2016 12:39:14.680 INFO [main] org.apache.catalina.startup.VersionLoggerListener.log JVM Vendor:            Oracle Corporation
21-Jun-2016 12:39:14.680 INFO [main] org.apache.catalina.startup.VersionLoggerListener.log CATALINA_BASE:         /Users/tomoya/Desktop/Dev/apache-tomcat-8.0.35
21-Jun-2016 12:39:14.680 INFO [main] org.apache.catalina.startup.VersionLoggerListener.log CATALINA_HOME:         /Users/tomoya/Desktop/Dev/apache-tomcat-8.0.35
21-Jun-2016 12:39:14.681 INFO [main] org.apache.catalina.startup.VersionLoggerListener.log Command line argument: -Djava.util.logging.config.file=/Users/tomoya/Desktop/dev/apache-tomcat-8.0.35/conf/logging.properties
21-Jun-2016 12:39:14.681 INFO [main] org.apache.catalina.startup.VersionLoggerListener.log Command line argument: -Djava.util.logging.manager=org.apache.juli.ClassLoaderLogManager
21-Jun-2016 12:39:14.681 INFO [main] org.apache.catalina.startup.VersionLoggerListener.log Command line argument: -Djdk.tls.ephemeralDHKeySize=2048
21-Jun-2016 12:39:14.681 INFO [main] org.apache.catalina.startup.VersionLoggerListener.log Command line argument: -Djava.endorsed.dirs=/Users/tomoya/Desktop/dev/apache-tomcat-8.0.35/endorsed
21-Jun-2016 12:39:14.681 INFO [main] org.apache.catalina.startup.VersionLoggerListener.log Command line argument: -Dcatalina.base=/Users/tomoya/Desktop/dev/apache-tomcat-8.0.35
21-Jun-2016 12:39:14.682 INFO [main] org.apache.catalina.startup.VersionLoggerListener.log Command line argument: -Dcatalina.home=/Users/tomoya/Desktop/dev/apache-tomcat-8.0.35
21-Jun-2016 12:39:14.682 INFO [main] org.apache.catalina.startup.VersionLoggerListener.log Command line argument: -Djava.io.tmpdir=/Users/tomoya/Desktop/dev/apache-tomcat-8.0.35/temp
21-Jun-2016 12:39:14.682 INFO [main] org.apache.catalina.core.AprLifecycleListener.lifecycleEvent The APR based Apache Tomcat Native library which allows optimal performance in production environments was not found on the java.library.path: /Users/tomoya/Library/Java/Extensions:/Library/Java/Extensions:/Network/Library/Java/Extensions:/System/Library/Java/Extensions:/usr/lib/java:.
21-Jun-2016 12:39:14.850 INFO [main] org.apache.coyote.AbstractProtocol.init Initializing ProtocolHandler ["http-nio-8080"]
21-Jun-2016 12:39:14.880 INFO [main] org.apache.tomcat.util.net.NioSelectorPool.getSharedSelector Using a shared selector for servlet write/read
21-Jun-2016 12:39:14.883 INFO [main] org.apache.coyote.AbstractProtocol.init Initializing ProtocolHandler ["ajp-nio-8009"]
21-Jun-2016 12:39:14.885 INFO [main] org.apache.tomcat.util.net.NioSelectorPool.getSharedSelector Using a shared selector for servlet write/read
21-Jun-2016 12:39:14.886 INFO [main] org.apache.catalina.startup.Catalina.load Initialization processed in 689 ms
21-Jun-2016 12:39:14.935 INFO [main] org.apache.catalina.core.StandardService.startInternal Starting service Catalina
21-Jun-2016 12:39:14.935 INFO [main] org.apache.catalina.core.StandardEngine.startInternal Starting Servlet Engine: Apache Tomcat/8.0.35
21-Jun-2016 12:39:14.952 INFO [localhost-startStop-1] org.apache.catalina.startup.HostConfig.deployDirectory Deploying web application directory /Users/tomoya/Desktop/Dev/apache-tomcat-8.0.35/webapps/docs
21-Jun-2016 12:39:15.291 INFO [localhost-startStop-1] org.apache.catalina.startup.HostConfig.deployDirectory Deployment of web application directory /Users/tomoya/Desktop/Dev/apache-tomcat-8.0.35/webapps/docs has finished in 340 ms
21-Jun-2016 12:39:15.292 INFO [localhost-startStop-1] org.apache.catalina.startup.HostConfig.deployDirectory Deploying web application directory /Users/tomoya/Desktop/Dev/apache-tomcat-8.0.35/webapps/examples
21-Jun-2016 12:39:15.765 INFO [localhost-startStop-1] org.apache.catalina.startup.HostConfig.deployDirectory Deployment of web application directory /Users/tomoya/Desktop/Dev/apache-tomcat-8.0.35/webapps/examples has finished in 473 ms
21-Jun-2016 12:39:15.766 INFO [localhost-startStop-1] org.apache.catalina.startup.HostConfig.deployDirectory Deploying web application directory /Users/tomoya/Desktop/Dev/apache-tomcat-8.0.35/webapps/host-manager
21-Jun-2016 12:39:15.817 INFO [localhost-startStop-1] org.apache.catalina.startup.HostConfig.deployDirectory Deployment of web application directory /Users/tomoya/Desktop/Dev/apache-tomcat-8.0.35/webapps/host-manager has finished in 51 ms
21-Jun-2016 12:39:15.818 INFO [localhost-startStop-1] org.apache.catalina.startup.HostConfig.deployDirectory Deploying web application directory /Users/tomoya/Desktop/Dev/apache-tomcat-8.0.35/webapps/manager
21-Jun-2016 12:39:15.866 INFO [localhost-startStop-1] org.apache.catalina.startup.HostConfig.deployDirectory Deployment of web application directory /Users/tomoya/Desktop/Dev/apache-tomcat-8.0.35/webapps/manager has finished in 48 ms
21-Jun-2016 12:39:15.867 INFO [localhost-startStop-1] org.apache.catalina.startup.HostConfig.deployDirectory Deploying web application directory /Users/tomoya/Desktop/Dev/apache-tomcat-8.0.35/webapps/ROOT
21-Jun-2016 12:39:15.884 INFO [localhost-startStop-1] org.apache.catalina.startup.HostConfig.deployDirectory Deployment of web application directory /Users/tomoya/Desktop/Dev/apache-tomcat-8.0.35/webapps/ROOT has finished in 17 ms
21-Jun-2016 12:39:15.884 INFO [localhost-startStop-1] org.apache.catalina.startup.HostConfig.deployDirectory Deploying web application directory /Users/tomoya/Desktop/Dev/apache-tomcat-8.0.35/webapps/solr
21-Jun-2016 12:39:19.745 INFO [localhost-startStop-1] org.apache.jasper.servlet.TldScanner.scanJars At least one JAR was scanned for TLDs yet contained no TLDs. Enable debug logging for this logger for a complete list of JARs that were scanned but no TLDs were found in them. Skipping unneeded JARs during scanning can improve startup time and JSP compilation time.
21-Jun-2016 12:39:20.563 INFO [localhost-startStop-1] org.apache.catalina.startup.HostConfig.deployDirectory Deployment of web application directory /Users/tomoya/Desktop/Dev/apache-tomcat-8.0.35/webapps/solr has finished in 4,679 ms
21-Jun-2016 12:39:20.568 INFO [main] org.apache.coyote.AbstractProtocol.start Starting ProtocolHandler ["http-nio-8080"]
21-Jun-2016 12:39:20.578 INFO [main] org.apache.coyote.AbstractProtocol.start Starting ProtocolHandler ["ajp-nio-8009"]
21-Jun-2016 12:39:20.579 INFO [main] org.apache.catalina.startup.Catalina.start Server startup in 5692 ms
21-Jun-2016 12:42:02.878 INFO [http-nio-8080-exec-4] org.apache.coyote.http11.AbstractHttp11Processor.process Error parsing HTTP request header
 Note: further occurrences of HTTP header parsing errors will be logged at DEBUG level.
 java.lang.IllegalArgumentException: Request header is too large
	at org.apache.coyote.http11.InternalNioInputBuffer.fill(InternalNioInputBuffer.java:111)
	at org.apache.coyote.http11.AbstractNioInputBuffer.parseRequestLine(AbstractNioInputBuffer.java:268)
	at org.apache.coyote.http11.AbstractHttp11Processor.process(AbstractHttp11Processor.java:1013)
	at org.apache.coyote.AbstractProtocol$AbstractConnectionHandler.process(AbstractProtocol.java:672)
	at org.apache.tomcat.util.net.NioEndpoint$SocketProcessor.doRun(NioEndpoint.java:1520)
	at org.apache.tomcat.util.net.NioEndpoint$SocketProcessor.run(NioEndpoint.java:1476)
	at java.util.concurrent.ThreadPoolExecutor.runWorker(ThreadPoolExecutor.java:1142)
	at java.util.concurrent.ThreadPoolExecutor$Worker.run(ThreadPoolExecutor.java:617)
	at org.apache.tomcat.util.threads.TaskThread$WrappingRunnable.run(TaskThread.java:61)
	at java.lang.Thread.run(Thread.java:745)

21-Jun-2016 13:31:11.019 INFO [main] org.apache.catalina.core.StandardServer.await A valid shutdown command was received via the shutdown port. Stopping the Server instance.
21-Jun-2016 13:31:11.023 INFO [main] org.apache.coyote.AbstractProtocol.pause Pausing ProtocolHandler ["http-nio-8080"]
21-Jun-2016 13:31:11.092 INFO [main] org.apache.coyote.AbstractProtocol.pause Pausing ProtocolHandler ["ajp-nio-8009"]
21-Jun-2016 13:31:11.147 INFO [main] org.apache.catalina.core.StandardService.stopInternal Stopping service Catalina
21-Jun-2016 13:31:11.262 INFO [main] org.apache.coyote.AbstractProtocol.stop Stopping ProtocolHandler ["http-nio-8080"]
21-Jun-2016 13:31:11.334 INFO [main] org.apache.coyote.AbstractProtocol.stop Stopping ProtocolHandler ["ajp-nio-8009"]
21-Jun-2016 13:31:11.335 INFO [main] org.apache.coyote.AbstractProtocol.destroy Destroying ProtocolHandler ["http-nio-8080"]
21-Jun-2016 13:31:11.336 INFO [main] org.apache.coyote.AbstractProtocol.destroy Destroying ProtocolHandler ["ajp-nio-8009"]
21-Jun-2016 13:31:15.622 INFO [main] org.apache.catalina.startup.VersionLoggerListener.log Server version:        Apache Tomcat/8.0.35
21-Jun-2016 13:31:15.623 INFO [main] org.apache.catalina.startup.VersionLoggerListener.log Server built:          May 11 2016 21:57:08 UTC
21-Jun-2016 13:31:15.623 INFO [main] org.apache.catalina.startup.VersionLoggerListener.log Server number:         8.0.35.0
21-Jun-2016 13:31:15.623 INFO [main] org.apache.catalina.startup.VersionLoggerListener.log OS Name:               Mac OS X
21-Jun-2016 13:31:15.623 INFO [main] org.apache.catalina.startup.VersionLoggerListener.log OS Version:            10.11.5
21-Jun-2016 13:31:15.624 INFO [main] org.apache.catalina.startup.VersionLoggerListener.log Architecture:          x86_64
21-Jun-2016 13:31:15.624 INFO [main] org.apache.catalina.startup.VersionLoggerListener.log Java Home:             /Library/Java/JavaVirtualMachines/jdk1.8.0_65.jdk/Contents/Home/jre
21-Jun-2016 13:31:15.624 INFO [main] org.apache.catalina.startup.VersionLoggerListener.log JVM Version:           1.8.0_65-b17
21-Jun-2016 13:31:15.624 INFO [main] org.apache.catalina.startup.VersionLoggerListener.log JVM Vendor:            Oracle Corporation
21-Jun-2016 13:31:15.624 INFO [main] org.apache.catalina.startup.VersionLoggerListener.log CATALINA_BASE:         /Users/tomoya/Desktop/Dev/apache-tomcat-8.0.35
21-Jun-2016 13:31:15.624 INFO [main] org.apache.catalina.startup.VersionLoggerListener.log CATALINA_HOME:         /Users/tomoya/Desktop/Dev/apache-tomcat-8.0.35
21-Jun-2016 13:31:15.625 INFO [main] org.apache.catalina.startup.VersionLoggerListener.log Command line argument: -Djava.util.logging.config.file=/Users/tomoya/Desktop/dev/apache-tomcat-8.0.35/conf/logging.properties
21-Jun-2016 13:31:15.625 INFO [main] org.apache.catalina.startup.VersionLoggerListener.log Command line argument: -Djava.util.logging.manager=org.apache.juli.ClassLoaderLogManager
21-Jun-2016 13:31:15.625 INFO [main] org.apache.catalina.startup.VersionLoggerListener.log Command line argument: -Djdk.tls.ephemeralDHKeySize=2048
21-Jun-2016 13:31:15.625 INFO [main] org.apache.catalina.startup.VersionLoggerListener.log Command line argument: -Djava.endorsed.dirs=/Users/tomoya/Desktop/dev/apache-tomcat-8.0.35/endorsed
21-Jun-2016 13:31:15.625 INFO [main] org.apache.catalina.startup.VersionLoggerListener.log Command line argument: -Dcatalina.base=/Users/tomoya/Desktop/dev/apache-tomcat-8.0.35
21-Jun-2016 13:31:15.625 INFO [main] org.apache.catalina.startup.VersionLoggerListener.log Command line argument: -Dcatalina.home=/Users/tomoya/Desktop/dev/apache-tomcat-8.0.35
21-Jun-2016 13:31:15.626 INFO [main] org.apache.catalina.startup.VersionLoggerListener.log Command line argument: -Djava.io.tmpdir=/Users/tomoya/Desktop/dev/apache-tomcat-8.0.35/temp
21-Jun-2016 13:31:15.626 INFO [main] org.apache.catalina.core.AprLifecycleListener.lifecycleEvent The APR based Apache Tomcat Native library which allows optimal performance in production environments was not found on the java.library.path: /Users/tomoya/Library/Java/Extensions:/Library/Java/Extensions:/Network/Library/Java/Extensions:/System/Library/Java/Extensions:/usr/lib/java:.
21-Jun-2016 13:31:15.792 INFO [main] org.apache.coyote.AbstractProtocol.init Initializing ProtocolHandler ["http-nio-8080"]
21-Jun-2016 13:31:15.819 INFO [main] org.apache.tomcat.util.net.NioSelectorPool.getSharedSelector Using a shared selector for servlet write/read
21-Jun-2016 13:31:15.822 INFO [main] org.apache.coyote.AbstractProtocol.init Initializing ProtocolHandler ["ajp-nio-8009"]
21-Jun-2016 13:31:15.824 INFO [main] org.apache.tomcat.util.net.NioSelectorPool.getSharedSelector Using a shared selector for servlet write/read
21-Jun-2016 13:31:15.824 INFO [main] org.apache.catalina.startup.Catalina.load Initialization processed in 714 ms
21-Jun-2016 13:31:15.882 INFO [main] org.apache.catalina.core.StandardService.startInternal Starting service Catalina
21-Jun-2016 13:31:15.883 INFO [main] org.apache.catalina.core.StandardEngine.startInternal Starting Servlet Engine: Apache Tomcat/8.0.35
21-Jun-2016 13:31:15.895 INFO [localhost-startStop-1] org.apache.catalina.startup.HostConfig.deployDirectory Deploying web application directory /Users/tomoya/Desktop/Dev/apache-tomcat-8.0.35/webapps/docs
21-Jun-2016 13:31:16.230 INFO [localhost-startStop-1] org.apache.catalina.startup.HostConfig.deployDirectory Deployment of web application directory /Users/tomoya/Desktop/Dev/apache-tomcat-8.0.35/webapps/docs has finished in 334 ms
21-Jun-2016 13:31:16.230 INFO [localhost-startStop-1] org.apache.catalina.startup.HostConfig.deployDirectory Deploying web application directory /Users/tomoya/Desktop/Dev/apache-tomcat-8.0.35/webapps/examples
21-Jun-2016 13:31:16.694 INFO [localhost-startStop-1] org.apache.catalina.startup.HostConfig.deployDirectory Deployment of web application directory /Users/tomoya/Desktop/Dev/apache-tomcat-8.0.35/webapps/examples has finished in 464 ms
21-Jun-2016 13:31:16.695 INFO [localhost-startStop-1] org.apache.catalina.startup.HostConfig.deployDirectory Deploying web application directory /Users/tomoya/Desktop/Dev/apache-tomcat-8.0.35/webapps/host-manager
21-Jun-2016 13:31:16.735 INFO [localhost-startStop-1] org.apache.catalina.startup.HostConfig.deployDirectory Deployment of web application directory /Users/tomoya/Desktop/Dev/apache-tomcat-8.0.35/webapps/host-manager has finished in 41 ms
21-Jun-2016 13:31:16.736 INFO [localhost-startStop-1] org.apache.catalina.startup.HostConfig.deployDirectory Deploying web application directory /Users/tomoya/Desktop/Dev/apache-tomcat-8.0.35/webapps/manager
21-Jun-2016 13:31:16.776 INFO [localhost-startStop-1] org.apache.catalina.startup.HostConfig.deployDirectory Deployment of web application directory /Users/tomoya/Desktop/Dev/apache-tomcat-8.0.35/webapps/manager has finished in 39 ms
21-Jun-2016 13:31:16.776 INFO [localhost-startStop-1] org.apache.catalina.startup.HostConfig.deployDirectory Deploying web application directory /Users/tomoya/Desktop/Dev/apache-tomcat-8.0.35/webapps/ROOT
21-Jun-2016 13:31:16.800 INFO [localhost-startStop-1] org.apache.catalina.startup.HostConfig.deployDirectory Deployment of web application directory /Users/tomoya/Desktop/Dev/apache-tomcat-8.0.35/webapps/ROOT has finished in 23 ms
21-Jun-2016 13:31:16.800 INFO [localhost-startStop-1] org.apache.catalina.startup.HostConfig.deployDirectory Deploying web application directory /Users/tomoya/Desktop/Dev/apache-tomcat-8.0.35/webapps/solr
21-Jun-2016 13:31:22.237 INFO [localhost-startStop-1] org.apache.jasper.servlet.TldScanner.scanJars At least one JAR was scanned for TLDs yet contained no TLDs. Enable debug logging for this logger for a complete list of JARs that were scanned but no TLDs were found in them. Skipping unneeded JARs during scanning can improve startup time and JSP compilation time.
21-Jun-2016 13:31:23.319 INFO [localhost-startStop-1] org.apache.catalina.startup.HostConfig.deployDirectory Deployment of web application directory /Users/tomoya/Desktop/Dev/apache-tomcat-8.0.35/webapps/solr has finished in 6,518 ms
21-Jun-2016 13:31:23.326 INFO [main] org.apache.coyote.AbstractProtocol.start Starting ProtocolHandler ["http-nio-8080"]
21-Jun-2016 13:31:23.340 INFO [main] org.apache.coyote.AbstractProtocol.start Starting ProtocolHandler ["ajp-nio-8009"]
21-Jun-2016 13:31:23.344 INFO [main] org.apache.catalina.startup.Catalina.start Server startup in 7519 ms
21-Jun-2016 13:44:20.755 INFO [main] org.apache.catalina.core.StandardServer.await A valid shutdown command was received via the shutdown port. Stopping the Server instance.
21-Jun-2016 13:44:20.756 INFO [main] org.apache.coyote.AbstractProtocol.pause Pausing ProtocolHandler ["http-nio-8080"]
21-Jun-2016 13:44:20.816 INFO [main] org.apache.coyote.AbstractProtocol.pause Pausing ProtocolHandler ["ajp-nio-8009"]
21-Jun-2016 13:44:20.870 INFO [main] org.apache.catalina.core.StandardService.stopInternal Stopping service Catalina
21-Jun-2016 13:44:20.956 INFO [main] org.apache.coyote.AbstractProtocol.stop Stopping ProtocolHandler ["http-nio-8080"]
21-Jun-2016 13:44:20.959 INFO [main] org.apache.coyote.AbstractProtocol.stop Stopping ProtocolHandler ["ajp-nio-8009"]
21-Jun-2016 13:44:20.959 INFO [main] org.apache.coyote.AbstractProtocol.destroy Destroying ProtocolHandler ["http-nio-8080"]
21-Jun-2016 13:44:20.960 INFO [main] org.apache.coyote.AbstractProtocol.destroy Destroying ProtocolHandler ["ajp-nio-8009"]
21-Jun-2016 13:44:24.638 INFO [main] org.apache.catalina.startup.VersionLoggerListener.log Server version:        Apache Tomcat/8.0.35
21-Jun-2016 13:44:24.642 INFO [main] org.apache.catalina.startup.VersionLoggerListener.log Server built:          May 11 2016 21:57:08 UTC
21-Jun-2016 13:44:24.642 INFO [main] org.apache.catalina.startup.VersionLoggerListener.log Server number:         8.0.35.0
21-Jun-2016 13:44:24.642 INFO [main] org.apache.catalina.startup.VersionLoggerListener.log OS Name:               Mac OS X
21-Jun-2016 13:44:24.642 INFO [main] org.apache.catalina.startup.VersionLoggerListener.log OS Version:            10.11.5
21-Jun-2016 13:44:24.642 INFO [main] org.apache.catalina.startup.VersionLoggerListener.log Architecture:          x86_64
21-Jun-2016 13:44:24.642 INFO [main] org.apache.catalina.startup.VersionLoggerListener.log Java Home:             /Library/Java/JavaVirtualMachines/jdk1.8.0_65.jdk/Contents/Home/jre
21-Jun-2016 13:44:24.642 INFO [main] org.apache.catalina.startup.VersionLoggerListener.log JVM Version:           1.8.0_65-b17
21-Jun-2016 13:44:24.643 INFO [main] org.apache.catalina.startup.VersionLoggerListener.log JVM Vendor:            Oracle Corporation
21-Jun-2016 13:44:24.643 INFO [main] org.apache.catalina.startup.VersionLoggerListener.log CATALINA_BASE:         /Users/tomoya/Desktop/Dev/apache-tomcat-8.0.35
21-Jun-2016 13:44:24.643 INFO [main] org.apache.catalina.startup.VersionLoggerListener.log CATALINA_HOME:         /Users/tomoya/Desktop/Dev/apache-tomcat-8.0.35
21-Jun-2016 13:44:24.644 INFO [main] org.apache.catalina.startup.VersionLoggerListener.log Command line argument: -Djava.util.logging.config.file=/Users/tomoya/Desktop/dev/apache-tomcat-8.0.35/conf/logging.properties
21-Jun-2016 13:44:24.644 INFO [main] org.apache.catalina.startup.VersionLoggerListener.log Command line argument: -Djava.util.logging.manager=org.apache.juli.ClassLoaderLogManager
21-Jun-2016 13:44:24.644 INFO [main] org.apache.catalina.startup.VersionLoggerListener.log Command line argument: -Djdk.tls.ephemeralDHKeySize=2048
21-Jun-2016 13:44:24.644 INFO [main] org.apache.catalina.startup.VersionLoggerListener.log Command line argument: -Djava.endorsed.dirs=/Users/tomoya/Desktop/dev/apache-tomcat-8.0.35/endorsed
21-Jun-2016 13:44:24.645 INFO [main] org.apache.catalina.startup.VersionLoggerListener.log Command line argument: -Dcatalina.base=/Users/tomoya/Desktop/dev/apache-tomcat-8.0.35
21-Jun-2016 13:44:24.645 INFO [main] org.apache.catalina.startup.VersionLoggerListener.log Command line argument: -Dcatalina.home=/Users/tomoya/Desktop/dev/apache-tomcat-8.0.35
21-Jun-2016 13:44:24.645 INFO [main] org.apache.catalina.startup.VersionLoggerListener.log Command line argument: -Djava.io.tmpdir=/Users/tomoya/Desktop/dev/apache-tomcat-8.0.35/temp
21-Jun-2016 13:44:24.645 INFO [main] org.apache.catalina.core.AprLifecycleListener.lifecycleEvent The APR based Apache Tomcat Native library which allows optimal performance in production environments was not found on the java.library.path: /Users/tomoya/Library/Java/Extensions:/Library/Java/Extensions:/Network/Library/Java/Extensions:/System/Library/Java/Extensions:/usr/lib/java:.
21-Jun-2016 13:44:24.892 INFO [main] org.apache.coyote.AbstractProtocol.init Initializing ProtocolHandler ["http-nio-8080"]
21-Jun-2016 13:44:24.928 INFO [main] org.apache.tomcat.util.net.NioSelectorPool.getSharedSelector Using a shared selector for servlet write/read
21-Jun-2016 13:44:24.937 INFO [main] org.apache.coyote.AbstractProtocol.init Initializing ProtocolHandler ["ajp-nio-8009"]
21-Jun-2016 13:44:24.941 INFO [main] org.apache.tomcat.util.net.NioSelectorPool.getSharedSelector Using a shared selector for servlet write/read
21-Jun-2016 13:44:24.942 INFO [main] org.apache.catalina.startup.Catalina.load Initialization processed in 888 ms
21-Jun-2016 13:44:24.995 INFO [main] org.apache.catalina.core.StandardService.startInternal Starting service Catalina
21-Jun-2016 13:44:24.996 INFO [main] org.apache.catalina.core.StandardEngine.startInternal Starting Servlet Engine: Apache Tomcat/8.0.35
21-Jun-2016 13:44:25.006 INFO [localhost-startStop-1] org.apache.catalina.startup.HostConfig.deployDirectory Deploying web application directory /Users/tomoya/Desktop/Dev/apache-tomcat-8.0.35/webapps/docs
21-Jun-2016 13:44:25.288 INFO [localhost-startStop-1] org.apache.catalina.startup.HostConfig.deployDirectory Deployment of web application directory /Users/tomoya/Desktop/Dev/apache-tomcat-8.0.35/webapps/docs has finished in 281 ms
21-Jun-2016 13:44:25.289 INFO [localhost-startStop-1] org.apache.catalina.startup.HostConfig.deployDirectory Deploying web application directory /Users/tomoya/Desktop/Dev/apache-tomcat-8.0.35/webapps/examples
21-Jun-2016 13:44:25.743 INFO [localhost-startStop-1] org.apache.catalina.startup.HostConfig.deployDirectory Deployment of web application directory /Users/tomoya/Desktop/Dev/apache-tomcat-8.0.35/webapps/examples has finished in 454 ms
21-Jun-2016 13:44:25.743 INFO [localhost-startStop-1] org.apache.catalina.startup.HostConfig.deployDirectory Deploying web application directory /Users/tomoya/Desktop/Dev/apache-tomcat-8.0.35/webapps/host-manager
21-Jun-2016 13:44:25.788 INFO [localhost-startStop-1] org.apache.catalina.startup.HostConfig.deployDirectory Deployment of web application directory /Users/tomoya/Desktop/Dev/apache-tomcat-8.0.35/webapps/host-manager has finished in 44 ms
21-Jun-2016 13:44:25.788 INFO [localhost-startStop-1] org.apache.catalina.startup.HostConfig.deployDirectory Deploying web application directory /Users/tomoya/Desktop/Dev/apache-tomcat-8.0.35/webapps/manager
21-Jun-2016 13:44:25.819 INFO [localhost-startStop-1] org.apache.catalina.startup.HostConfig.deployDirectory Deployment of web application directory /Users/tomoya/Desktop/Dev/apache-tomcat-8.0.35/webapps/manager has finished in 31 ms
21-Jun-2016 13:44:25.819 INFO [localhost-startStop-1] org.apache.catalina.startup.HostConfig.deployDirectory Deploying web application directory /Users/tomoya/Desktop/Dev/apache-tomcat-8.0.35/webapps/ROOT
21-Jun-2016 13:44:25.841 INFO [localhost-startStop-1] org.apache.catalina.startup.HostConfig.deployDirectory Deployment of web application directory /Users/tomoya/Desktop/Dev/apache-tomcat-8.0.35/webapps/ROOT has finished in 22 ms
21-Jun-2016 13:44:25.842 INFO [localhost-startStop-1] org.apache.catalina.startup.HostConfig.deployDirectory Deploying web application directory /Users/tomoya/Desktop/Dev/apache-tomcat-8.0.35/webapps/solr
21-Jun-2016 13:44:30.405 INFO [localhost-startStop-1] org.apache.jasper.servlet.TldScanner.scanJars At least one JAR was scanned for TLDs yet contained no TLDs. Enable debug logging for this logger for a complete list of JARs that were scanned but no TLDs were found in them. Skipping unneeded JARs during scanning can improve startup time and JSP compilation time.
21-Jun-2016 13:44:31.523 INFO [localhost-startStop-1] org.apache.catalina.startup.HostConfig.deployDirectory Deployment of web application directory /Users/tomoya/Desktop/Dev/apache-tomcat-8.0.35/webapps/solr has finished in 5,681 ms
21-Jun-2016 13:44:31.534 INFO [main] org.apache.coyote.AbstractProtocol.start Starting ProtocolHandler ["http-nio-8080"]
21-Jun-2016 13:44:31.549 INFO [main] org.apache.coyote.AbstractProtocol.start Starting ProtocolHandler ["ajp-nio-8009"]
21-Jun-2016 13:44:31.567 INFO [main] org.apache.catalina.startup.Catalina.start Server startup in 6624 ms
21-Jun-2016 13:57:34.362 INFO [main] org.apache.catalina.core.StandardServer.await A valid shutdown command was received via the shutdown port. Stopping the Server instance.
21-Jun-2016 13:57:34.364 INFO [main] org.apache.coyote.AbstractProtocol.pause Pausing ProtocolHandler ["http-nio-8080"]
21-Jun-2016 13:57:34.420 INFO [main] org.apache.coyote.AbstractProtocol.pause Pausing ProtocolHandler ["ajp-nio-8009"]
21-Jun-2016 13:57:34.475 INFO [main] org.apache.catalina.core.StandardService.stopInternal Stopping service Catalina
21-Jun-2016 13:57:34.533 WARNING [localhost-startStop-2] org.apache.catalina.loader.WebappClassLoaderBase.clearReferencesThreads The web application [solr] appears to have started a thread named [searcherExecutor-7-thread-1] but has failed to stop it. This is very likely to create a memory leak. Stack trace of thread:
 sun.misc.Unsafe.park(Native Method)
 java.util.concurrent.locks.LockSupport.park(LockSupport.java:175)
 java.util.concurrent.locks.AbstractQueuedSynchronizer$ConditionObject.await(AbstractQueuedSynchronizer.java:2039)
 java.util.concurrent.LinkedBlockingQueue.take(LinkedBlockingQueue.java:442)
 java.util.concurrent.ThreadPoolExecutor.getTask(ThreadPoolExecutor.java:1067)
 java.util.concurrent.ThreadPoolExecutor.runWorker(ThreadPoolExecutor.java:1127)
 java.util.concurrent.ThreadPoolExecutor$Worker.run(ThreadPoolExecutor.java:617)
 java.lang.Thread.run(Thread.java:745)
21-Jun-2016 13:57:34.533 WARNING [localhost-startStop-2] org.apache.catalina.loader.WebappClassLoaderBase.clearReferencesThreads The web application [solr] appears to have started a thread named [commitScheduler-10-thread-1] but has failed to stop it. This is very likely to create a memory leak. Stack trace of thread:
 sun.misc.Unsafe.park(Native Method)
 java.util.concurrent.locks.LockSupport.park(LockSupport.java:175)
 java.util.concurrent.locks.AbstractQueuedSynchronizer$ConditionObject.await(AbstractQueuedSynchronizer.java:2039)
 java.util.concurrent.ScheduledThreadPoolExecutor$DelayedWorkQueue.take(ScheduledThreadPoolExecutor.java:1081)
 java.util.concurrent.ScheduledThreadPoolExecutor$DelayedWorkQueue.take(ScheduledThreadPoolExecutor.java:809)
 java.util.concurrent.ThreadPoolExecutor.getTask(ThreadPoolExecutor.java:1067)
 java.util.concurrent.ThreadPoolExecutor.runWorker(ThreadPoolExecutor.java:1127)
 java.util.concurrent.ThreadPoolExecutor$Worker.run(ThreadPoolExecutor.java:617)
 java.lang.Thread.run(Thread.java:745)
21-Jun-2016 13:57:34.553 INFO [main] org.apache.coyote.AbstractProtocol.stop Stopping ProtocolHandler ["http-nio-8080"]
21-Jun-2016 13:57:34.637 INFO [main] org.apache.coyote.AbstractProtocol.stop Stopping ProtocolHandler ["ajp-nio-8009"]
21-Jun-2016 13:57:34.743 INFO [main] org.apache.coyote.AbstractProtocol.destroy Destroying ProtocolHandler ["http-nio-8080"]
21-Jun-2016 13:57:34.746 INFO [main] org.apache.coyote.AbstractProtocol.destroy Destroying ProtocolHandler ["ajp-nio-8009"]
21-Jun-2016 13:58:03.667 INFO [main] org.apache.catalina.startup.VersionLoggerListener.log Server version:        Apache Tomcat/8.0.35
21-Jun-2016 13:58:03.669 INFO [main] org.apache.catalina.startup.VersionLoggerListener.log Server built:          May 11 2016 21:57:08 UTC
21-Jun-2016 13:58:03.669 INFO [main] org.apache.catalina.startup.VersionLoggerListener.log Server number:         8.0.35.0
21-Jun-2016 13:58:03.669 INFO [main] org.apache.catalina.startup.VersionLoggerListener.log OS Name:               Mac OS X
21-Jun-2016 13:58:03.669 INFO [main] org.apache.catalina.startup.VersionLoggerListener.log OS Version:            10.11.5
21-Jun-2016 13:58:03.669 INFO [main] org.apache.catalina.startup.VersionLoggerListener.log Architecture:          x86_64
21-Jun-2016 13:58:03.669 INFO [main] org.apache.catalina.startup.VersionLoggerListener.log Java Home:             /Library/Java/JavaVirtualMachines/jdk1.8.0_65.jdk/Contents/Home/jre
21-Jun-2016 13:58:03.670 INFO [main] org.apache.catalina.startup.VersionLoggerListener.log JVM Version:           1.8.0_65-b17
21-Jun-2016 13:58:03.670 INFO [main] org.apache.catalina.startup.VersionLoggerListener.log JVM Vendor:            Oracle Corporation
21-Jun-2016 13:58:03.670 INFO [main] org.apache.catalina.startup.VersionLoggerListener.log CATALINA_BASE:         /Users/tomoya/Desktop/Dev/apache-tomcat-8.0.35
21-Jun-2016 13:58:03.670 INFO [main] org.apache.catalina.startup.VersionLoggerListener.log CATALINA_HOME:         /Users/tomoya/Desktop/Dev/apache-tomcat-8.0.35
21-Jun-2016 13:58:03.670 INFO [main] org.apache.catalina.startup.VersionLoggerListener.log Command line argument: -Djava.util.logging.config.file=/Users/tomoya/Desktop/dev/apache-tomcat-8.0.35/conf/logging.properties
21-Jun-2016 13:58:03.671 INFO [main] org.apache.catalina.startup.VersionLoggerListener.log Command line argument: -Djava.util.logging.manager=org.apache.juli.ClassLoaderLogManager
21-Jun-2016 13:58:03.671 INFO [main] org.apache.catalina.startup.VersionLoggerListener.log Command line argument: -Djdk.tls.ephemeralDHKeySize=2048
21-Jun-2016 13:58:03.671 INFO [main] org.apache.catalina.startup.VersionLoggerListener.log Command line argument: -Djava.endorsed.dirs=/Users/tomoya/Desktop/dev/apache-tomcat-8.0.35/endorsed
21-Jun-2016 13:58:03.671 INFO [main] org.apache.catalina.startup.VersionLoggerListener.log Command line argument: -Dcatalina.base=/Users/tomoya/Desktop/dev/apache-tomcat-8.0.35
21-Jun-2016 13:58:03.671 INFO [main] org.apache.catalina.startup.VersionLoggerListener.log Command line argument: -Dcatalina.home=/Users/tomoya/Desktop/dev/apache-tomcat-8.0.35
21-Jun-2016 13:58:03.671 INFO [main] org.apache.catalina.startup.VersionLoggerListener.log Command line argument: -Djava.io.tmpdir=/Users/tomoya/Desktop/dev/apache-tomcat-8.0.35/temp
21-Jun-2016 13:58:03.671 INFO [main] org.apache.catalina.core.AprLifecycleListener.lifecycleEvent The APR based Apache Tomcat Native library which allows optimal performance in production environments was not found on the java.library.path: /Users/tomoya/Library/Java/Extensions:/Library/Java/Extensions:/Network/Library/Java/Extensions:/System/Library/Java/Extensions:/usr/lib/java:.
21-Jun-2016 13:58:03.837 INFO [main] org.apache.coyote.AbstractProtocol.init Initializing ProtocolHandler ["http-nio-8080"]
21-Jun-2016 13:58:03.863 INFO [main] org.apache.tomcat.util.net.NioSelectorPool.getSharedSelector Using a shared selector for servlet write/read
21-Jun-2016 13:58:03.865 INFO [main] org.apache.coyote.AbstractProtocol.init Initializing ProtocolHandler ["ajp-nio-8009"]
21-Jun-2016 13:58:03.867 INFO [main] org.apache.tomcat.util.net.NioSelectorPool.getSharedSelector Using a shared selector for servlet write/read
21-Jun-2016 13:58:03.867 INFO [main] org.apache.catalina.startup.Catalina.load Initialization processed in 716 ms
21-Jun-2016 13:58:03.910 INFO [main] org.apache.catalina.core.StandardService.startInternal Starting service Catalina
21-Jun-2016 13:58:03.910 INFO [main] org.apache.catalina.core.StandardEngine.startInternal Starting Servlet Engine: Apache Tomcat/8.0.35
21-Jun-2016 13:58:03.919 INFO [localhost-startStop-1] org.apache.catalina.startup.HostConfig.deployDirectory Deploying web application directory /Users/tomoya/Desktop/Dev/apache-tomcat-8.0.35/webapps/docs
21-Jun-2016 13:58:04.210 INFO [localhost-startStop-1] org.apache.catalina.startup.HostConfig.deployDirectory Deployment of web application directory /Users/tomoya/Desktop/Dev/apache-tomcat-8.0.35/webapps/docs has finished in 290 ms
21-Jun-2016 13:58:04.211 INFO [localhost-startStop-1] org.apache.catalina.startup.HostConfig.deployDirectory Deploying web application directory /Users/tomoya/Desktop/Dev/apache-tomcat-8.0.35/webapps/examples
21-Jun-2016 13:58:04.662 INFO [localhost-startStop-1] org.apache.catalina.startup.HostConfig.deployDirectory Deployment of web application directory /Users/tomoya/Desktop/Dev/apache-tomcat-8.0.35/webapps/examples has finished in 452 ms
21-Jun-2016 13:58:04.664 INFO [localhost-startStop-1] org.apache.catalina.startup.HostConfig.deployDirectory Deploying web application directory /Users/tomoya/Desktop/Dev/apache-tomcat-8.0.35/webapps/host-manager
21-Jun-2016 13:58:04.702 INFO [localhost-startStop-1] org.apache.catalina.startup.HostConfig.deployDirectory Deployment of web application directory /Users/tomoya/Desktop/Dev/apache-tomcat-8.0.35/webapps/host-manager has finished in 38 ms
21-Jun-2016 13:58:04.703 INFO [localhost-startStop-1] org.apache.catalina.startup.HostConfig.deployDirectory Deploying web application directory /Users/tomoya/Desktop/Dev/apache-tomcat-8.0.35/webapps/manager
21-Jun-2016 13:58:04.732 INFO [localhost-startStop-1] org.apache.catalina.startup.HostConfig.deployDirectory Deployment of web application directory /Users/tomoya/Desktop/Dev/apache-tomcat-8.0.35/webapps/manager has finished in 29 ms
21-Jun-2016 13:58:04.732 INFO [localhost-startStop-1] org.apache.catalina.startup.HostConfig.deployDirectory Deploying web application directory /Users/tomoya/Desktop/Dev/apache-tomcat-8.0.35/webapps/ROOT
21-Jun-2016 13:58:04.751 INFO [localhost-startStop-1] org.apache.catalina.startup.HostConfig.deployDirectory Deployment of web application directory /Users/tomoya/Desktop/Dev/apache-tomcat-8.0.35/webapps/ROOT has finished in 19 ms
21-Jun-2016 13:58:04.752 INFO [localhost-startStop-1] org.apache.catalina.startup.HostConfig.deployDirectory Deploying web application directory /Users/tomoya/Desktop/Dev/apache-tomcat-8.0.35/webapps/solr
21-Jun-2016 13:58:09.488 INFO [localhost-startStop-1] org.apache.jasper.servlet.TldScanner.scanJars At least one JAR was scanned for TLDs yet contained no TLDs. Enable debug logging for this logger for a complete list of JARs that were scanned but no TLDs were found in them. Skipping unneeded JARs during scanning can improve startup time and JSP compilation time.
21-Jun-2016 13:58:10.495 INFO [localhost-startStop-1] org.apache.catalina.startup.HostConfig.deployDirectory Deployment of web application directory /Users/tomoya/Desktop/Dev/apache-tomcat-8.0.35/webapps/solr has finished in 5,742 ms
21-Jun-2016 13:58:10.500 INFO [main] org.apache.coyote.AbstractProtocol.start Starting ProtocolHandler ["http-nio-8080"]
21-Jun-2016 13:58:10.514 INFO [main] org.apache.coyote.AbstractProtocol.start Starting ProtocolHandler ["ajp-nio-8009"]
21-Jun-2016 13:58:10.515 INFO [main] org.apache.catalina.startup.Catalina.start Server startup in 6647 ms
21-Jun-2016 14:05:41.340 INFO [main] org.apache.catalina.core.StandardServer.await A valid shutdown command was received via the shutdown port. Stopping the Server instance.
21-Jun-2016 14:05:41.341 INFO [main] org.apache.coyote.AbstractProtocol.pause Pausing ProtocolHandler ["http-nio-8080"]
21-Jun-2016 14:05:41.397 INFO [main] org.apache.coyote.AbstractProtocol.pause Pausing ProtocolHandler ["ajp-nio-8009"]
21-Jun-2016 14:05:41.451 INFO [main] org.apache.catalina.core.StandardService.stopInternal Stopping service Catalina
21-Jun-2016 14:05:41.580 INFO [main] org.apache.coyote.AbstractProtocol.stop Stopping ProtocolHandler ["http-nio-8080"]
21-Jun-2016 14:05:41.585 INFO [main] org.apache.coyote.AbstractProtocol.stop Stopping ProtocolHandler ["ajp-nio-8009"]
21-Jun-2016 14:05:41.588 INFO [main] org.apache.coyote.AbstractProtocol.destroy Destroying ProtocolHandler ["http-nio-8080"]
21-Jun-2016 14:05:41.589 INFO [main] org.apache.coyote.AbstractProtocol.destroy Destroying ProtocolHandler ["ajp-nio-8009"]
21-Jun-2016 14:05:50.298 INFO [main] org.apache.catalina.startup.VersionLoggerListener.log Server version:        Apache Tomcat/8.0.35
21-Jun-2016 14:05:50.299 INFO [main] org.apache.catalina.startup.VersionLoggerListener.log Server built:          May 11 2016 21:57:08 UTC
21-Jun-2016 14:05:50.300 INFO [main] org.apache.catalina.startup.VersionLoggerListener.log Server number:         8.0.35.0
21-Jun-2016 14:05:50.300 INFO [main] org.apache.catalina.startup.VersionLoggerListener.log OS Name:               Mac OS X
21-Jun-2016 14:05:50.300 INFO [main] org.apache.catalina.startup.VersionLoggerListener.log OS Version:            10.11.5
21-Jun-2016 14:05:50.300 INFO [main] org.apache.catalina.startup.VersionLoggerListener.log Architecture:          x86_64
21-Jun-2016 14:05:50.300 INFO [main] org.apache.catalina.startup.VersionLoggerListener.log Java Home:             /Library/Java/JavaVirtualMachines/jdk1.8.0_65.jdk/Contents/Home/jre
21-Jun-2016 14:05:50.300 INFO [main] org.apache.catalina.startup.VersionLoggerListener.log JVM Version:           1.8.0_65-b17
21-Jun-2016 14:05:50.300 INFO [main] org.apache.catalina.startup.VersionLoggerListener.log JVM Vendor:            Oracle Corporation
21-Jun-2016 14:05:50.300 INFO [main] org.apache.catalina.startup.VersionLoggerListener.log CATALINA_BASE:         /Users/tomoya/Desktop/Dev/apache-tomcat-8.0.35
21-Jun-2016 14:05:50.300 INFO [main] org.apache.catalina.startup.VersionLoggerListener.log CATALINA_HOME:         /Users/tomoya/Desktop/Dev/apache-tomcat-8.0.35
21-Jun-2016 14:05:50.301 INFO [main] org.apache.catalina.startup.VersionLoggerListener.log Command line argument: -Djava.util.logging.config.file=/Users/tomoya/Desktop/dev/apache-tomcat-8.0.35/conf/logging.properties
21-Jun-2016 14:05:50.301 INFO [main] org.apache.catalina.startup.VersionLoggerListener.log Command line argument: -Djava.util.logging.manager=org.apache.juli.ClassLoaderLogManager
21-Jun-2016 14:05:50.301 INFO [main] org.apache.catalina.startup.VersionLoggerListener.log Command line argument: -Djdk.tls.ephemeralDHKeySize=2048
21-Jun-2016 14:05:50.301 INFO [main] org.apache.catalina.startup.VersionLoggerListener.log Command line argument: -Djava.endorsed.dirs=/Users/tomoya/Desktop/dev/apache-tomcat-8.0.35/endorsed
21-Jun-2016 14:05:50.302 INFO [main] org.apache.catalina.startup.VersionLoggerListener.log Command line argument: -Dcatalina.base=/Users/tomoya/Desktop/dev/apache-tomcat-8.0.35
21-Jun-2016 14:05:50.302 INFO [main] org.apache.catalina.startup.VersionLoggerListener.log Command line argument: -Dcatalina.home=/Users/tomoya/Desktop/dev/apache-tomcat-8.0.35
21-Jun-2016 14:05:50.302 INFO [main] org.apache.catalina.startup.VersionLoggerListener.log Command line argument: -Djava.io.tmpdir=/Users/tomoya/Desktop/dev/apache-tomcat-8.0.35/temp
21-Jun-2016 14:05:50.302 INFO [main] org.apache.catalina.core.AprLifecycleListener.lifecycleEvent The APR based Apache Tomcat Native library which allows optimal performance in production environments was not found on the java.library.path: /Users/tomoya/Library/Java/Extensions:/Library/Java/Extensions:/Network/Library/Java/Extensions:/System/Library/Java/Extensions:/usr/lib/java:.
21-Jun-2016 14:05:50.481 INFO [main] org.apache.coyote.AbstractProtocol.init Initializing ProtocolHandler ["http-nio-8080"]
21-Jun-2016 14:05:50.520 INFO [main] org.apache.tomcat.util.net.NioSelectorPool.getSharedSelector Using a shared selector for servlet write/read
21-Jun-2016 14:05:50.524 INFO [main] org.apache.coyote.AbstractProtocol.init Initializing ProtocolHandler ["ajp-nio-8009"]
21-Jun-2016 14:05:50.528 INFO [main] org.apache.tomcat.util.net.NioSelectorPool.getSharedSelector Using a shared selector for servlet write/read
21-Jun-2016 14:05:50.529 INFO [main] org.apache.catalina.startup.Catalina.load Initialization processed in 695 ms
21-Jun-2016 14:05:50.586 INFO [main] org.apache.catalina.core.StandardService.startInternal Starting service Catalina
21-Jun-2016 14:05:50.592 INFO [main] org.apache.catalina.core.StandardEngine.startInternal Starting Servlet Engine: Apache Tomcat/8.0.35
21-Jun-2016 14:05:50.601 INFO [localhost-startStop-1] org.apache.catalina.startup.HostConfig.deployDirectory Deploying web application directory /Users/tomoya/Desktop/Dev/apache-tomcat-8.0.35/webapps/docs
21-Jun-2016 14:05:50.898 INFO [localhost-startStop-1] org.apache.catalina.startup.HostConfig.deployDirectory Deployment of web application directory /Users/tomoya/Desktop/Dev/apache-tomcat-8.0.35/webapps/docs has finished in 297 ms
21-Jun-2016 14:05:50.899 INFO [localhost-startStop-1] org.apache.catalina.startup.HostConfig.deployDirectory Deploying web application directory /Users/tomoya/Desktop/Dev/apache-tomcat-8.0.35/webapps/examples
21-Jun-2016 14:05:51.320 INFO [localhost-startStop-1] org.apache.catalina.startup.HostConfig.deployDirectory Deployment of web application directory /Users/tomoya/Desktop/Dev/apache-tomcat-8.0.35/webapps/examples has finished in 421 ms
21-Jun-2016 14:05:51.320 INFO [localhost-startStop-1] org.apache.catalina.startup.HostConfig.deployDirectory Deploying web application directory /Users/tomoya/Desktop/Dev/apache-tomcat-8.0.35/webapps/host-manager
21-Jun-2016 14:05:51.354 INFO [localhost-startStop-1] org.apache.catalina.startup.HostConfig.deployDirectory Deployment of web application directory /Users/tomoya/Desktop/Dev/apache-tomcat-8.0.35/webapps/host-manager has finished in 34 ms
21-Jun-2016 14:05:51.354 INFO [localhost-startStop-1] org.apache.catalina.startup.HostConfig.deployDirectory Deploying web application directory /Users/tomoya/Desktop/Dev/apache-tomcat-8.0.35/webapps/manager
21-Jun-2016 14:05:51.381 INFO [localhost-startStop-1] org.apache.catalina.startup.HostConfig.deployDirectory Deployment of web application directory /Users/tomoya/Desktop/Dev/apache-tomcat-8.0.35/webapps/manager has finished in 27 ms
21-Jun-2016 14:05:51.381 INFO [localhost-startStop-1] org.apache.catalina.startup.HostConfig.deployDirectory Deploying web application directory /Users/tomoya/Desktop/Dev/apache-tomcat-8.0.35/webapps/ROOT
21-Jun-2016 14:05:51.403 INFO [localhost-startStop-1] org.apache.catalina.startup.HostConfig.deployDirectory Deployment of web application directory /Users/tomoya/Desktop/Dev/apache-tomcat-8.0.35/webapps/ROOT has finished in 22 ms
21-Jun-2016 14:05:51.403 INFO [localhost-startStop-1] org.apache.catalina.startup.HostConfig.deployDirectory Deploying web application directory /Users/tomoya/Desktop/Dev/apache-tomcat-8.0.35/webapps/solr
21-Jun-2016 14:05:56.349 INFO [localhost-startStop-1] org.apache.jasper.servlet.TldScanner.scanJars At least one JAR was scanned for TLDs yet contained no TLDs. Enable debug logging for this logger for a complete list of JARs that were scanned but no TLDs were found in them. Skipping unneeded JARs during scanning can improve startup time and JSP compilation time.
21-Jun-2016 14:05:57.664 INFO [localhost-startStop-1] org.apache.catalina.startup.HostConfig.deployDirectory Deployment of web application directory /Users/tomoya/Desktop/Dev/apache-tomcat-8.0.35/webapps/solr has finished in 6,261 ms
21-Jun-2016 14:05:57.669 INFO [main] org.apache.coyote.AbstractProtocol.start Starting ProtocolHandler ["http-nio-8080"]
21-Jun-2016 14:05:57.676 INFO [main] org.apache.coyote.AbstractProtocol.start Starting ProtocolHandler ["ajp-nio-8009"]
21-Jun-2016 14:05:57.677 INFO [main] org.apache.catalina.startup.Catalina.start Server startup in 7147 ms
21-Jun-2016 14:22:58.741 INFO [ContainerBackgroundProcessor[StandardEngine[Catalina]]] org.apache.catalina.startup.HostConfig.undeploy Undeploying context []
21-Jun-2016 14:22:59.275 INFO [ContainerBackgroundProcessor[StandardEngine[Catalina]]] org.apache.catalina.startup.HostConfig.undeploy Undeploying context [/examples]
21-Jun-2016 14:22:59.784 INFO [ContainerBackgroundProcessor[StandardEngine[Catalina]]] org.apache.catalina.startup.HostConfig.undeploy Undeploying context [/host-manager]
21-Jun-2016 14:23:00.295 INFO [ContainerBackgroundProcessor[StandardEngine[Catalina]]] org.apache.catalina.startup.HostConfig.undeploy Undeploying context [/manager]
21-Jun-2016 14:23:00.801 INFO [ContainerBackgroundProcessor[StandardEngine[Catalina]]] org.apache.catalina.startup.HostConfig.undeploy Undeploying context [/docs]
21-Jun-2016 14:23:30.821 INFO [ContainerBackgroundProcessor[StandardEngine[Catalina]]] org.apache.catalina.startup.HostConfig.reload Reloading context [/solr]
21-Jun-2016 14:23:30.822 INFO [ContainerBackgroundProcessor[StandardEngine[Catalina]]] org.apache.catalina.core.StandardContext.reload Reloading Context with name [/solr] has started
21-Jun-2016 14:23:36.862 INFO [ContainerBackgroundProcessor[StandardEngine[Catalina]]] org.apache.catalina.core.StandardContext.reload Reloading Context with name [/solr] is completed
